{"/home/ben/amulet-scan-port/scripts/ingest/acs-schema.js": {"path":"/home/ben/amulet-scan-port/scripts/ingest/acs-schema.js","statementMap":{"0":{"start":{"line":11,"column":34},"end":{"line":77,"column":1}},"1":{"start":{"line":79,"column":36},"end":{"line":93,"column":1}},"2":{"start":{"line":95,"column":27},"end":{"line":109,"column":1}},"3":{"start":{"line":112,"column":40},"end":{"line":117,"column":1}},"4":{"start":{"line":120,"column":41},"end":{"line":125,"column":1}},"5":{"start":{"line":135,"column":2},"end":{"line":135,"column":null}},"6":{"start":{"line":135,"column":19},"end":{"line":135,"column":null}},"7":{"start":{"line":138,"column":19},"end":{"line":138,"column":43}},"8":{"start":{"line":139,"column":24},"end":{"line":139,"column":61}},"9":{"start":{"line":142,"column":2},"end":{"line":148,"column":null}},"10":{"start":{"line":144,"column":4},"end":{"line":144,"column":null}},"11":{"start":{"line":147,"column":4},"end":{"line":147,"column":null}},"12":{"start":{"line":150,"column":21},"end":{"line":150,"column":40}},"13":{"start":{"line":151,"column":21},"end":{"line":151,"column":40}},"14":{"start":{"line":152,"column":22},"end":{"line":152,"column":67}},"15":{"start":{"line":154,"column":2},"end":{"line":154,"column":null}},"16":{"start":{"line":162,"column":2},"end":{"line":162,"column":null}},"17":{"start":{"line":162,"column":19},"end":{"line":162,"column":null}},"18":{"start":{"line":164,"column":37},"end":{"line":164,"column":64}},"19":{"start":{"line":165,"column":2},"end":{"line":165,"column":null}},"20":{"start":{"line":165,"column":34},"end":{"line":165,"column":null}},"21":{"start":{"line":168,"column":27},"end":{"line":168,"column":56}},"22":{"start":{"line":169,"column":2},"end":{"line":169,"column":null}},"23":{"start":{"line":176,"column":2},"end":{"line":176,"column":null}},"24":{"start":{"line":176,"column":19},"end":{"line":176,"column":null}},"25":{"start":{"line":178,"column":21},"end":{"line":178,"column":58}},"26":{"start":{"line":179,"column":26},"end":{"line":179,"column":63}},"27":{"start":{"line":180,"column":19},"end":{"line":180,"column":57}},"28":{"start":{"line":182,"column":2},"end":{"line":182,"column":58}},"29":{"start":{"line":182,"column":39},"end":{"line":182,"column":58}},"30":{"start":{"line":183,"column":2},"end":{"line":183,"column":60}},"31":{"start":{"line":183,"column":41},"end":{"line":183,"column":60}},"32":{"start":{"line":184,"column":2},"end":{"line":184,"column":68}},"33":{"start":{"line":184,"column":48},"end":{"line":184,"column":68}},"34":{"start":{"line":185,"column":2},"end":{"line":185,"column":46}},"35":{"start":{"line":185,"column":24},"end":{"line":185,"column":46}},"36":{"start":{"line":187,"column":2},"end":{"line":187,"column":null}},"37":{"start":{"line":195,"column":4},"end":{"line":195,"column":null}},"38":{"start":{"line":196,"column":4},"end":{"line":196,"column":null}},"39":{"start":{"line":197,"column":4},"end":{"line":197,"column":null}},"40":{"start":{"line":215,"column":47},"end":{"line":215,"column":54}},"41":{"start":{"line":217,"column":21},"end":{"line":217,"column":51}},"42":{"start":{"line":218,"column":50},"end":{"line":218,"column":77}},"43":{"start":{"line":220,"column":21},"end":{"line":220,"column":56}},"44":{"start":{"line":223,"column":2},"end":{"line":247,"column":null}},"45":{"start":{"line":224,"column":28},"end":{"line":224,"column":30}},"46":{"start":{"line":226,"column":4},"end":{"line":226,"column":null}},"47":{"start":{"line":226,"column":21},"end":{"line":226,"column":null}},"48":{"start":{"line":227,"column":4},"end":{"line":227,"column":null}},"49":{"start":{"line":227,"column":63},"end":{"line":227,"column":null}},"50":{"start":{"line":229,"column":4},"end":{"line":246,"column":null}},"51":{"start":{"line":230,"column":22},"end":{"line":236,"column":7}},"52":{"start":{"line":238,"column":22},"end":{"line":239,"column":85}},"53":{"start":{"line":241,"column":6},"end":{"line":245,"column":null}},"54":{"start":{"line":242,"column":8},"end":{"line":242,"column":null}},"55":{"start":{"line":244,"column":8},"end":{"line":244,"column":null}},"56":{"start":{"line":249,"column":2},"end":{"line":265,"column":null}},"57":{"start":{"line":272,"column":21},"end":{"line":272,"column":39}},"58":{"start":{"line":273,"column":2},"end":{"line":273,"column":null}},"59":{"start":{"line":273,"column":19},"end":{"line":273,"column":null}},"60":{"start":{"line":275,"column":17},"end":{"line":275,"column":44}},"61":{"start":{"line":278,"column":27},"end":{"line":278,"column":70}},"62":{"start":{"line":279,"column":23},"end":{"line":279,"column":52}},"63":{"start":{"line":281,"column":2},"end":{"line":281,"column":null}},"64":{"start":{"line":289,"column":26},"end":{"line":289,"column":28}},"65":{"start":{"line":290,"column":27},"end":{"line":290,"column":29}},"66":{"start":{"line":292,"column":2},"end":{"line":297,"column":null}},"67":{"start":{"line":293,"column":18},"end":{"line":293,"column":33}},"68":{"start":{"line":294,"column":4},"end":{"line":296,"column":null}},"69":{"start":{"line":295,"column":6},"end":{"line":295,"column":null}},"70":{"start":{"line":299,"column":2},"end":{"line":306,"column":null}},"71":{"start":{"line":300,"column":18},"end":{"line":300,"column":33}},"72":{"start":{"line":301,"column":20},"end":{"line":302,"column":50}},"73":{"start":{"line":303,"column":4},"end":{"line":305,"column":null}},"74":{"start":{"line":304,"column":6},"end":{"line":304,"column":null}},"75":{"start":{"line":308,"column":2},"end":{"line":308,"column":null}},"76":{"start":{"line":316,"column":17},"end":{"line":322,"column":3}},"77":{"start":{"line":324,"column":27},"end":{"line":324,"column":29}},"78":{"start":{"line":327,"column":2},"end":{"line":343,"column":null}},"79":{"start":{"line":328,"column":19},"end":{"line":328,"column":51}},"80":{"start":{"line":329,"column":16},"end":{"line":329,"column":48}},"81":{"start":{"line":331,"column":4},"end":{"line":333,"column":null}},"82":{"start":{"line":332,"column":6},"end":{"line":332,"column":null}},"83":{"start":{"line":334,"column":4},"end":{"line":334,"column":null}},"84":{"start":{"line":335,"column":4},"end":{"line":335,"column":null}},"85":{"start":{"line":336,"column":4},"end":{"line":336,"column":null}},"86":{"start":{"line":339,"column":4},"end":{"line":341,"column":null}},"87":{"start":{"line":340,"column":6},"end":{"line":340,"column":null}},"88":{"start":{"line":342,"column":4},"end":{"line":342,"column":null}},"89":{"start":{"line":346,"column":2},"end":{"line":371,"column":null}},"90":{"start":{"line":347,"column":23},"end":{"line":347,"column":52}},"91":{"start":{"line":349,"column":4},"end":{"line":370,"column":null}},"92":{"start":{"line":350,"column":6},"end":{"line":356,"column":null}},"93":{"start":{"line":357,"column":11},"end":{"line":370,"column":null}},"94":{"start":{"line":358,"column":6},"end":{"line":362,"column":null}},"95":{"start":{"line":363,"column":6},"end":{"line":363,"column":null}},"96":{"start":{"line":365,"column":6},"end":{"line":369,"column":null}},"97":{"start":{"line":374,"column":2},"end":{"line":383,"column":null}},"98":{"start":{"line":375,"column":4},"end":{"line":382,"column":null}},"99":{"start":{"line":376,"column":6},"end":{"line":381,"column":null}},"100":{"start":{"line":386,"column":18},"end":{"line":386,"column":54}},"101":{"start":{"line":387,"column":2},"end":{"line":389,"column":null}},"102":{"start":{"line":388,"column":4},"end":{"line":388,"column":null}},"103":{"start":{"line":391,"column":2},"end":{"line":391,"column":null}},"104":{"start":{"line":408,"column":12},"end":{"line":408,"column":31}},"105":{"start":{"line":409,"column":15},"end":{"line":409,"column":30}},"106":{"start":{"line":410,"column":16},"end":{"line":410,"column":32}},"107":{"start":{"line":411,"column":14},"end":{"line":411,"column":25}},"108":{"start":{"line":412,"column":15},"end":{"line":412,"column":52}},"109":{"start":{"line":413,"column":17},"end":{"line":413,"column":56}},"110":{"start":{"line":414,"column":17},"end":{"line":414,"column":56}},"111":{"start":{"line":418,"column":21},"end":{"line":418,"column":48}},"112":{"start":{"line":421,"column":14},"end":{"line":421,"column":30}},"113":{"start":{"line":422,"column":2},"end":{"line":422,"column":null}}},"fnMap":{"0":{"name":"parseTemplateId","decl":{"start":{"line":134,"column":16},"end":{"line":134,"column":31}},"loc":{"start":{"line":134,"column":44},"end":{"line":155,"column":null}},"line":134},"1":{"name":"normalizeTemplateKey","decl":{"start":{"line":161,"column":16},"end":{"line":161,"column":36}},"loc":{"start":{"line":161,"column":49},"end":{"line":170,"column":null}},"line":161},"2":{"name":"detectTemplateFormat","decl":{"start":{"line":175,"column":16},"end":{"line":175,"column":36}},"loc":{"start":{"line":175,"column":49},"end":{"line":188,"column":null}},"line":175},"3":{"name":"(anonymous_3)","decl":{"start":{"line":194,"column":2},"end":{"line":194,"column":13}},"loc":{"start":{"line":194,"column":37},"end":{"line":198,"column":null}},"line":194},"4":{"name":"normalizeACSContract","decl":{"start":{"line":214,"column":16},"end":{"line":214,"column":36}},"loc":{"start":{"line":214,"column":97},"end":{"line":266,"column":null}},"line":214},"5":{"name":"isTemplate","decl":{"start":{"line":271,"column":16},"end":{"line":271,"column":26}},"loc":{"start":{"line":271,"column":58},"end":{"line":282,"column":null}},"line":271},"6":{"name":"validateContractFields","decl":{"start":{"line":288,"column":16},"end":{"line":288,"column":38}},"loc":{"start":{"line":288,"column":49},"end":{"line":309,"column":null}},"line":288},"7":{"name":"validateTemplates","decl":{"start":{"line":315,"column":16},"end":{"line":315,"column":33}},"loc":{"start":{"line":315,"column":50},"end":{"line":392,"column":null}},"line":315},"8":{"name":"getACSPartitionPath","decl":{"start":{"line":407,"column":16},"end":{"line":407,"column":35}},"loc":{"start":{"line":407,"column":67},"end":{"line":423,"column":null}},"line":407}},"branchMap":{"0":{"loc":{"start":{"line":135,"column":2},"end":{"line":135,"column":null}},"type":"if","locations":[{"start":{"line":135,"column":2},"end":{"line":135,"column":null}},{"start":{},"end":{}}],"line":135},"1":{"loc":{"start":{"line":139,"column":24},"end":{"line":139,"column":61}},"type":"binary-expr","locations":[{"start":{"line":139,"column":24},"end":{"line":139,"column":48}},{"start":{"line":139,"column":52},"end":{"line":139,"column":61}}],"line":139},"2":{"loc":{"start":{"line":142,"column":2},"end":{"line":148,"column":null}},"type":"if","locations":[{"start":{"line":142,"column":2},"end":{"line":148,"column":null}},{"start":{"line":145,"column":9},"end":{"line":148,"column":null}}],"line":142},"3":{"loc":{"start":{"line":150,"column":21},"end":{"line":150,"column":40}},"type":"binary-expr","locations":[{"start":{"line":150,"column":21},"end":{"line":150,"column":32}},{"start":{"line":150,"column":36},"end":{"line":150,"column":40}}],"line":150},"4":{"loc":{"start":{"line":151,"column":21},"end":{"line":151,"column":40}},"type":"binary-expr","locations":[{"start":{"line":151,"column":21},"end":{"line":151,"column":32}},{"start":{"line":151,"column":36},"end":{"line":151,"column":40}}],"line":151},"5":{"loc":{"start":{"line":152,"column":22},"end":{"line":152,"column":67}},"type":"binary-expr","locations":[{"start":{"line":152,"column":22},"end":{"line":152,"column":59}},{"start":{"line":152,"column":63},"end":{"line":152,"column":67}}],"line":152},"6":{"loc":{"start":{"line":152,"column":33},"end":{"line":152,"column":58}},"type":"cond-expr","locations":[{"start":{"line":152,"column":49},"end":{"line":152,"column":52}},{"start":{"line":152,"column":55},"end":{"line":152,"column":58}}],"line":152},"7":{"loc":{"start":{"line":162,"column":2},"end":{"line":162,"column":null}},"type":"if","locations":[{"start":{"line":162,"column":2},"end":{"line":162,"column":null}},{"start":{},"end":{}}],"line":162},"8":{"loc":{"start":{"line":165,"column":2},"end":{"line":165,"column":null}},"type":"if","locations":[{"start":{"line":165,"column":2},"end":{"line":165,"column":null}},{"start":{},"end":{}}],"line":165},"9":{"loc":{"start":{"line":165,"column":6},"end":{"line":165,"column":32}},"type":"binary-expr","locations":[{"start":{"line":165,"column":6},"end":{"line":165,"column":17}},{"start":{"line":165,"column":21},"end":{"line":165,"column":32}}],"line":165},"10":{"loc":{"start":{"line":176,"column":2},"end":{"line":176,"column":null}},"type":"if","locations":[{"start":{"line":176,"column":2},"end":{"line":176,"column":null}},{"start":{},"end":{}}],"line":176},"11":{"loc":{"start":{"line":178,"column":22},"end":{"line":178,"column":50}},"type":"binary-expr","locations":[{"start":{"line":178,"column":22},"end":{"line":178,"column":44}},{"start":{"line":178,"column":48},"end":{"line":178,"column":50}}],"line":178},"12":{"loc":{"start":{"line":179,"column":27},"end":{"line":179,"column":55}},"type":"binary-expr","locations":[{"start":{"line":179,"column":27},"end":{"line":179,"column":49}},{"start":{"line":179,"column":53},"end":{"line":179,"column":55}}],"line":179},"13":{"loc":{"start":{"line":180,"column":20},"end":{"line":180,"column":49}},"type":"binary-expr","locations":[{"start":{"line":180,"column":20},"end":{"line":180,"column":43}},{"start":{"line":180,"column":47},"end":{"line":180,"column":49}}],"line":180},"14":{"loc":{"start":{"line":182,"column":2},"end":{"line":182,"column":58}},"type":"if","locations":[{"start":{"line":182,"column":2},"end":{"line":182,"column":58}},{"start":{},"end":{}}],"line":182},"15":{"loc":{"start":{"line":182,"column":6},"end":{"line":182,"column":37}},"type":"binary-expr","locations":[{"start":{"line":182,"column":6},"end":{"line":182,"column":21}},{"start":{"line":182,"column":25},"end":{"line":182,"column":37}}],"line":182},"16":{"loc":{"start":{"line":183,"column":2},"end":{"line":183,"column":60}},"type":"if","locations":[{"start":{"line":183,"column":2},"end":{"line":183,"column":60}},{"start":{},"end":{}}],"line":183},"17":{"loc":{"start":{"line":183,"column":6},"end":{"line":183,"column":39}},"type":"binary-expr","locations":[{"start":{"line":183,"column":6},"end":{"line":183,"column":21}},{"start":{"line":183,"column":25},"end":{"line":183,"column":39}}],"line":183},"18":{"loc":{"start":{"line":184,"column":2},"end":{"line":184,"column":68}},"type":"if","locations":[{"start":{"line":184,"column":2},"end":{"line":184,"column":68}},{"start":{},"end":{}}],"line":184},"19":{"loc":{"start":{"line":184,"column":6},"end":{"line":184,"column":46}},"type":"binary-expr","locations":[{"start":{"line":184,"column":6},"end":{"line":184,"column":26}},{"start":{"line":184,"column":30},"end":{"line":184,"column":46}}],"line":184},"20":{"loc":{"start":{"line":185,"column":2},"end":{"line":185,"column":46}},"type":"if","locations":[{"start":{"line":185,"column":2},"end":{"line":185,"column":46}},{"start":{},"end":{}}],"line":185},"21":{"loc":{"start":{"line":194,"column":23},"end":{"line":194,"column":35}},"type":"default-arg","locations":[{"start":{"line":194,"column":33},"end":{"line":194,"column":35}}],"line":194},"22":{"loc":{"start":{"line":214,"column":83},"end":{"line":214,"column":95}},"type":"default-arg","locations":[{"start":{"line":214,"column":93},"end":{"line":214,"column":95}}],"line":214},"23":{"loc":{"start":{"line":215,"column":10},"end":{"line":215,"column":24}},"type":"default-arg","locations":[{"start":{"line":215,"column":19},"end":{"line":215,"column":24}}],"line":215},"24":{"loc":{"start":{"line":215,"column":26},"end":{"line":215,"column":42}},"type":"default-arg","locations":[{"start":{"line":215,"column":37},"end":{"line":215,"column":42}}],"line":215},"25":{"loc":{"start":{"line":217,"column":21},"end":{"line":217,"column":51}},"type":"binary-expr","locations":[{"start":{"line":217,"column":21},"end":{"line":217,"column":38}},{"start":{"line":217,"column":42},"end":{"line":217,"column":51}}],"line":217},"26":{"loc":{"start":{"line":220,"column":21},"end":{"line":220,"column":56}},"type":"binary-expr","locations":[{"start":{"line":220,"column":21},"end":{"line":220,"column":38}},{"start":{"line":220,"column":42},"end":{"line":220,"column":56}}],"line":220},"27":{"loc":{"start":{"line":223,"column":2},"end":{"line":247,"column":null}},"type":"if","locations":[{"start":{"line":223,"column":2},"end":{"line":247,"column":null}},{"start":{},"end":{}}],"line":223},"28":{"loc":{"start":{"line":226,"column":4},"end":{"line":226,"column":null}},"type":"if","locations":[{"start":{"line":226,"column":4},"end":{"line":226,"column":null}},{"start":{},"end":{}}],"line":226},"29":{"loc":{"start":{"line":227,"column":4},"end":{"line":227,"column":null}},"type":"if","locations":[{"start":{"line":227,"column":4},"end":{"line":227,"column":null}},{"start":{},"end":{}}],"line":227},"30":{"loc":{"start":{"line":227,"column":8},"end":{"line":227,"column":61}},"type":"binary-expr","locations":[{"start":{"line":227,"column":8},"end":{"line":227,"column":26}},{"start":{"line":227,"column":30},"end":{"line":227,"column":61}}],"line":227},"31":{"loc":{"start":{"line":229,"column":4},"end":{"line":246,"column":null}},"type":"if","locations":[{"start":{"line":229,"column":4},"end":{"line":246,"column":null}},{"start":{},"end":{}}],"line":229},"32":{"loc":{"start":{"line":232,"column":18},"end":{"line":232,"column":43}},"type":"binary-expr","locations":[{"start":{"line":232,"column":18},"end":{"line":232,"column":32}},{"start":{"line":232,"column":36},"end":{"line":232,"column":43}}],"line":232},"33":{"loc":{"start":{"line":241,"column":6},"end":{"line":245,"column":null}},"type":"if","locations":[{"start":{"line":241,"column":6},"end":{"line":245,"column":null}},{"start":{"line":243,"column":13},"end":{"line":245,"column":null}}],"line":241},"34":{"loc":{"start":{"line":252,"column":14},"end":{"line":252,"column":36}},"type":"binary-expr","locations":[{"start":{"line":252,"column":14},"end":{"line":252,"column":28}},{"start":{"line":252,"column":32},"end":{"line":252,"column":36}}],"line":252},"35":{"loc":{"start":{"line":257,"column":18},"end":{"line":257,"column":68}},"type":"cond-expr","locations":[{"start":{"line":257,"column":40},"end":{"line":257,"column":61}},{"start":{"line":257,"column":64},"end":{"line":257,"column":68}}],"line":257},"36":{"loc":{"start":{"line":258,"column":17},"end":{"line":258,"column":57}},"type":"cond-expr","locations":[{"start":{"line":258,"column":30},"end":{"line":258,"column":50}},{"start":{"line":258,"column":53},"end":{"line":258,"column":57}}],"line":258},"37":{"loc":{"start":{"line":259,"column":19},"end":{"line":259,"column":69}},"type":"cond-expr","locations":[{"start":{"line":259,"column":34},"end":{"line":259,"column":56}},{"start":{"line":259,"column":59},"end":{"line":259,"column":69}}],"line":259},"38":{"loc":{"start":{"line":260,"column":17},"end":{"line":260,"column":40}},"type":"binary-expr","locations":[{"start":{"line":260,"column":17},"end":{"line":260,"column":34}},{"start":{"line":260,"column":38},"end":{"line":260,"column":40}}],"line":260},"39":{"loc":{"start":{"line":261,"column":15},"end":{"line":261,"column":36}},"type":"binary-expr","locations":[{"start":{"line":261,"column":15},"end":{"line":261,"column":30}},{"start":{"line":261,"column":34},"end":{"line":261,"column":36}}],"line":261},"40":{"loc":{"start":{"line":262,"column":13},"end":{"line":262,"column":83}},"type":"cond-expr","locations":[{"start":{"line":262,"column":38},"end":{"line":262,"column":76}},{"start":{"line":262,"column":79},"end":{"line":262,"column":83}}],"line":262},"41":{"loc":{"start":{"line":273,"column":2},"end":{"line":273,"column":null}},"type":"if","locations":[{"start":{"line":273,"column":2},"end":{"line":273,"column":null}},{"start":{},"end":{}}],"line":273},"42":{"loc":{"start":{"line":278,"column":27},"end":{"line":278,"column":70}},"type":"binary-expr","locations":[{"start":{"line":278,"column":27},"end":{"line":278,"column":64}},{"start":{"line":278,"column":68},"end":{"line":278,"column":70}}],"line":278},"43":{"loc":{"start":{"line":281,"column":9},"end":{"line":281,"column":78}},"type":"binary-expr","locations":[{"start":{"line":281,"column":9},"end":{"line":281,"column":42}},{"start":{"line":281,"column":46},"end":{"line":281,"column":78}}],"line":281},"44":{"loc":{"start":{"line":294,"column":4},"end":{"line":296,"column":null}},"type":"if","locations":[{"start":{"line":294,"column":4},"end":{"line":296,"column":null}},{"start":{},"end":{}}],"line":294},"45":{"loc":{"start":{"line":294,"column":8},"end":{"line":294,"column":61}},"type":"binary-expr","locations":[{"start":{"line":294,"column":8},"end":{"line":294,"column":22}},{"start":{"line":294,"column":26},"end":{"line":294,"column":45}},{"start":{"line":294,"column":49},"end":{"line":294,"column":61}}],"line":294},"46":{"loc":{"start":{"line":301,"column":20},"end":{"line":302,"column":50}},"type":"binary-expr","locations":[{"start":{"line":301,"column":20},"end":{"line":301,"column":34}},{"start":{"line":301,"column":38},"end":{"line":301,"column":57}},{"start":{"line":301,"column":61},"end":{"line":301,"column":73}},{"start":{"line":302,"column":7},"end":{"line":302,"column":27}},{"start":{"line":302,"column":31},"end":{"line":302,"column":49}}],"line":301},"47":{"loc":{"start":{"line":303,"column":4},"end":{"line":305,"column":null}},"type":"if","locations":[{"start":{"line":303,"column":4},"end":{"line":305,"column":null}},{"start":{},"end":{}}],"line":303},"48":{"loc":{"start":{"line":331,"column":4},"end":{"line":333,"column":null}},"type":"if","locations":[{"start":{"line":331,"column":4},"end":{"line":333,"column":null}},{"start":{},"end":{}}],"line":331},"49":{"loc":{"start":{"line":339,"column":4},"end":{"line":341,"column":null}},"type":"if","locations":[{"start":{"line":339,"column":4},"end":{"line":341,"column":null}},{"start":{},"end":{}}],"line":339},"50":{"loc":{"start":{"line":349,"column":4},"end":{"line":370,"column":null}},"type":"if","locations":[{"start":{"line":349,"column":4},"end":{"line":370,"column":null}},{"start":{"line":357,"column":11},"end":{"line":370,"column":null}}],"line":349},"51":{"loc":{"start":{"line":357,"column":11},"end":{"line":370,"column":null}},"type":"if","locations":[{"start":{"line":357,"column":11},"end":{"line":370,"column":null}},{"start":{"line":364,"column":11},"end":{"line":370,"column":null}}],"line":357},"52":{"loc":{"start":{"line":375,"column":4},"end":{"line":382,"column":null}},"type":"if","locations":[{"start":{"line":375,"column":4},"end":{"line":382,"column":null}},{"start":{},"end":{}}],"line":375},"53":{"loc":{"start":{"line":387,"column":2},"end":{"line":389,"column":null}},"type":"if","locations":[{"start":{"line":387,"column":2},"end":{"line":389,"column":null}},{"start":{},"end":{}}],"line":387},"54":{"loc":{"start":{"line":407,"column":47},"end":{"line":407,"column":65}},"type":"default-arg","locations":[{"start":{"line":407,"column":61},"end":{"line":407,"column":65}}],"line":407},"55":{"loc":{"start":{"line":421,"column":14},"end":{"line":421,"column":30}},"type":"binary-expr","locations":[{"start":{"line":421,"column":14},"end":{"line":421,"column":25}},{"start":{"line":421,"column":29},"end":{"line":421,"column":30}}],"line":421}},"s":{"0":5,"1":5,"2":5,"3":5,"4":5,"5":96,"6":2,"7":94,"8":94,"9":96,"10":4,"11":90,"12":94,"13":96,"14":96,"15":96,"16":15,"17":1,"18":14,"19":14,"20":0,"21":14,"22":14,"23":16,"24":2,"25":14,"26":16,"27":16,"28":16,"29":10,"30":4,"31":1,"32":3,"33":2,"34":1,"35":1,"36":0,"37":4,"38":4,"39":4,"40":55,"41":55,"42":55,"43":55,"44":55,"45":5,"46":5,"47":3,"48":5,"49":4,"50":5,"51":5,"52":5,"53":5,"54":4,"55":1,"56":51,"57":21,"58":21,"59":2,"60":19,"61":19,"62":21,"63":21,"64":5,"65":5,"66":5,"67":20,"68":20,"69":5,"70":5,"71":20,"72":20,"73":20,"74":11,"75":5,"76":5,"77":5,"78":5,"79":10,"80":10,"81":10,"82":10,"83":10,"84":10,"85":10,"86":10,"87":5,"88":10,"89":5,"90":200,"91":200,"92":8,"93":192,"94":5,"95":5,"96":187,"97":5,"98":10,"99":2,"100":5,"101":5,"102":1,"103":5,"104":24,"105":24,"106":24,"107":24,"108":24,"109":24,"110":24,"111":24,"112":24,"113":24},"f":{"0":96,"1":15,"2":16,"3":4,"4":55,"5":21,"6":5,"7":5,"8":24},"b":{"0":[2,94],"1":[94,5],"2":[4,90],"3":[94,0],"4":[96,6],"5":[96,15],"6":[4,90],"7":[1,14],"8":[0,14],"9":[14,14],"10":[2,14],"11":[14,2],"12":[16,12],"13":[16,3],"14":[10,6],"15":[16,11],"16":[1,3],"17":[4,1],"18":[2,1],"19":[3,2],"20":[1,0],"21":[4],"22":[55],"23":[55],"24":[55],"25":[55,6],"26":[55,7],"27":[5,50],"28":[3,2],"29":[4,1],"30":[5,1],"31":[5,0],"32":[5,4],"33":[4,1],"34":[51,9],"35":[50,1],"36":[41,10],"37":[42,9],"38":[55,10],"39":[55,10],"40":[41,10],"41":[2,19],"42":[19,0],"43":[21,13],"44":[5,15],"45":[20,18,15],"46":[20,18,11,11,4],"47":[11,9],"48":[10,0],"49":[5,5],"50":[8,192],"51":[5,187],"52":[2,8],"53":[1,4],"54":[24],"55":[24,4]},"meta":{"lastBranch":56,"lastFunction":9,"lastStatement":114,"seen":{"s:11:34:77:1":0,"s:79:36:93:1":1,"s:95:27:109:1":2,"s:112:40:117:1":3,"s:120:41:125:1":4,"f:134:16:134:31":0,"b:135:2:135:Infinity:undefined:undefined:undefined:undefined":0,"s:135:2:135:Infinity":5,"s:135:19:135:Infinity":6,"s:138:19:138:43":7,"s:139:24:139:61":8,"b:139:24:139:48:139:52:139:61":1,"b:142:2:148:Infinity:145:9:148:Infinity":2,"s:142:2:148:Infinity":9,"s:144:4:144:Infinity":10,"s:147:4:147:Infinity":11,"s:150:21:150:40":12,"b:150:21:150:32:150:36:150:40":3,"s:151:21:151:40":13,"b:151:21:151:32:151:36:151:40":4,"s:152:22:152:67":14,"b:152:22:152:59:152:63:152:67":5,"b:152:49:152:52:152:55:152:58":6,"s:154:2:154:Infinity":15,"f:161:16:161:36":1,"b:162:2:162:Infinity:undefined:undefined:undefined:undefined":7,"s:162:2:162:Infinity":16,"s:162:19:162:Infinity":17,"s:164:37:164:64":18,"b:165:2:165:Infinity:undefined:undefined:undefined:undefined":8,"s:165:2:165:Infinity":19,"b:165:6:165:17:165:21:165:32":9,"s:165:34:165:Infinity":20,"s:168:27:168:56":21,"s:169:2:169:Infinity":22,"f:175:16:175:36":2,"b:176:2:176:Infinity:undefined:undefined:undefined:undefined":10,"s:176:2:176:Infinity":23,"s:176:19:176:Infinity":24,"s:178:21:178:58":25,"b:178:22:178:44:178:48:178:50":11,"s:179:26:179:63":26,"b:179:27:179:49:179:53:179:55":12,"s:180:19:180:57":27,"b:180:20:180:43:180:47:180:49":13,"b:182:2:182:58:undefined:undefined:undefined:undefined":14,"s:182:2:182:58":28,"b:182:6:182:21:182:25:182:37":15,"s:182:39:182:58":29,"b:183:2:183:60:undefined:undefined:undefined:undefined":16,"s:183:2:183:60":30,"b:183:6:183:21:183:25:183:39":17,"s:183:41:183:60":31,"b:184:2:184:68:undefined:undefined:undefined:undefined":18,"s:184:2:184:68":32,"b:184:6:184:26:184:30:184:46":19,"s:184:48:184:68":33,"b:185:2:185:46:undefined:undefined:undefined:undefined":20,"s:185:2:185:46":34,"s:185:24:185:46":35,"s:187:2:187:Infinity":36,"f:194:2:194:13":3,"b:194:33:194:35":21,"s:195:4:195:Infinity":37,"s:196:4:196:Infinity":38,"s:197:4:197:Infinity":39,"f:214:16:214:36":4,"b:214:93:214:95":22,"s:215:47:215:54":40,"b:215:19:215:24":23,"b:215:37:215:42":24,"s:217:21:217:51":41,"b:217:21:217:38:217:42:217:51":25,"s:218:50:218:77":42,"s:220:21:220:56":43,"b:220:21:220:38:220:42:220:56":26,"b:223:2:247:Infinity:undefined:undefined:undefined:undefined":27,"s:223:2:247:Infinity":44,"s:224:28:224:30":45,"b:226:4:226:Infinity:undefined:undefined:undefined:undefined":28,"s:226:4:226:Infinity":46,"s:226:21:226:Infinity":47,"b:227:4:227:Infinity:undefined:undefined:undefined:undefined":29,"s:227:4:227:Infinity":48,"b:227:8:227:26:227:30:227:61":30,"s:227:63:227:Infinity":49,"b:229:4:246:Infinity:undefined:undefined:undefined:undefined":31,"s:229:4:246:Infinity":50,"s:230:22:236:7":51,"b:232:18:232:32:232:36:232:43":32,"s:238:22:239:85":52,"b:241:6:245:Infinity:243:13:245:Infinity":33,"s:241:6:245:Infinity":53,"s:242:8:242:Infinity":54,"s:244:8:244:Infinity":55,"s:249:2:265:Infinity":56,"b:252:14:252:28:252:32:252:36":34,"b:257:40:257:61:257:64:257:68":35,"b:258:30:258:50:258:53:258:57":36,"b:259:34:259:56:259:59:259:69":37,"b:260:17:260:34:260:38:260:40":38,"b:261:15:261:30:261:34:261:36":39,"b:262:38:262:76:262:79:262:83":40,"f:271:16:271:26":5,"s:272:21:272:39":57,"b:273:2:273:Infinity:undefined:undefined:undefined:undefined":41,"s:273:2:273:Infinity":58,"s:273:19:273:Infinity":59,"s:275:17:275:44":60,"s:278:27:278:70":61,"b:278:27:278:64:278:68:278:70":42,"s:279:23:279:52":62,"s:281:2:281:Infinity":63,"b:281:9:281:42:281:46:281:78":43,"f:288:16:288:38":6,"s:289:26:289:28":64,"s:290:27:290:29":65,"s:292:2:297:Infinity":66,"s:293:18:293:33":67,"b:294:4:296:Infinity:undefined:undefined:undefined:undefined":44,"s:294:4:296:Infinity":68,"b:294:8:294:22:294:26:294:45:294:49:294:61":45,"s:295:6:295:Infinity":69,"s:299:2:306:Infinity":70,"s:300:18:300:33":71,"s:301:20:302:50":72,"b:301:20:301:34:301:38:301:57:301:61:301:73:302:7:302:27:302:31:302:49":46,"b:303:4:305:Infinity:undefined:undefined:undefined:undefined":47,"s:303:4:305:Infinity":73,"s:304:6:304:Infinity":74,"s:308:2:308:Infinity":75,"f:315:16:315:33":7,"s:316:17:322:3":76,"s:324:27:324:29":77,"s:327:2:343:Infinity":78,"s:328:19:328:51":79,"s:329:16:329:48":80,"b:331:4:333:Infinity:undefined:undefined:undefined:undefined":48,"s:331:4:333:Infinity":81,"s:332:6:332:Infinity":82,"s:334:4:334:Infinity":83,"s:335:4:335:Infinity":84,"s:336:4:336:Infinity":85,"b:339:4:341:Infinity:undefined:undefined:undefined:undefined":49,"s:339:4:341:Infinity":86,"s:340:6:340:Infinity":87,"s:342:4:342:Infinity":88,"s:346:2:371:Infinity":89,"s:347:23:347:52":90,"b:349:4:370:Infinity:357:11:370:Infinity":50,"s:349:4:370:Infinity":91,"s:350:6:356:Infinity":92,"b:357:11:370:Infinity:364:11:370:Infinity":51,"s:357:11:370:Infinity":93,"s:358:6:362:Infinity":94,"s:363:6:363:Infinity":95,"s:365:6:369:Infinity":96,"s:374:2:383:Infinity":97,"b:375:4:382:Infinity:undefined:undefined:undefined:undefined":52,"s:375:4:382:Infinity":98,"s:376:6:381:Infinity":99,"s:386:18:386:54":100,"b:387:2:389:Infinity:undefined:undefined:undefined:undefined":53,"s:387:2:389:Infinity":101,"s:388:4:388:Infinity":102,"s:391:2:391:Infinity":103,"f:407:16:407:35":8,"b:407:61:407:65":54,"s:408:12:408:31":104,"s:409:15:409:30":105,"s:410:16:410:32":106,"s:411:14:411:25":107,"s:412:15:412:52":108,"s:413:17:413:56":109,"s:414:17:414:56":110,"s:418:21:418:48":111,"s:421:14:421:30":112,"b:421:14:421:25:421:29:421:30":55,"s:422:2:422:Infinity":113}}}
,"/home/ben/amulet-scan-port/scripts/ingest/atomic-cursor.js": {"path":"/home/ben/amulet-scan-port/scripts/ingest/atomic-cursor.js","statementMap":{"0":{"start":{"line":18,"column":88},"end":{"line":18,"column":123}},"1":{"start":{"line":18,"column":146},"end":{"line":18,"column":183}},"2":{"start":{"line":18,"column":207},"end":{"line":18,"column":245}},"3":{"start":{"line":18,"column":266},"end":{"line":18,"column":301}},"4":{"start":{"line":18,"column":321},"end":{"line":18,"column":355}},"5":{"start":{"line":18,"column":376},"end":{"line":18,"column":411}},"6":{"start":{"line":18,"column":430},"end":{"line":18,"column":463}},"7":{"start":{"line":19,"column":86},"end":{"line":19,"column":117}},"8":{"start":{"line":19,"column":135},"end":{"line":19,"column":169}},"9":{"start":{"line":23,"column":21},"end":{"line":23,"column":38}},"10":{"start":{"line":24,"column":18},"end":{"line":24,"column":33}},"11":{"start":{"line":30,"column":2},"end":{"line":30,"column":null}},"12":{"start":{"line":37,"column":22},"end":{"line":37,"column":70}},"13":{"start":{"line":38,"column":2},"end":{"line":38,"column":null}},"14":{"start":{"line":53,"column":19},"end":{"line":53,"column":36}},"15":{"start":{"line":54,"column":21},"end":{"line":54,"column":38}},"16":{"start":{"line":56,"column":2},"end":{"line":92,"column":null}},"17":{"start":{"line":58,"column":16},"end":{"line":58,"column":33}},"18":{"start":{"line":59,"column":4},"end":{"line":61,"column":null}},"19":{"start":{"line":60,"column":6},"end":{"line":60,"column":null}},"20":{"start":{"line":64,"column":20},"end":{"line":64,"column":83}},"21":{"start":{"line":65,"column":4},"end":{"line":65,"column":null}},"22":{"start":{"line":68,"column":4},"end":{"line":77,"column":null}},"23":{"start":{"line":69,"column":6},"end":{"line":76,"column":null}},"24":{"start":{"line":71,"column":25},"end":{"line":71,"column":55}},"25":{"start":{"line":72,"column":8},"end":{"line":72,"column":29}},"26":{"start":{"line":73,"column":8},"end":{"line":73,"column":null}},"27":{"start":{"line":80,"column":4},"end":{"line":80,"column":null}},"28":{"start":{"line":82,"column":4},"end":{"line":82,"column":null}},"29":{"start":{"line":85,"column":4},"end":{"line":89,"column":null}},"30":{"start":{"line":86,"column":6},"end":{"line":88,"column":null}},"31":{"start":{"line":87,"column":8},"end":{"line":87,"column":null}},"32":{"start":{"line":91,"column":4},"end":{"line":91,"column":null}},"33":{"start":{"line":99,"column":21},"end":{"line":99,"column":38}},"34":{"start":{"line":102,"column":2},"end":{"line":111,"column":null}},"35":{"start":{"line":103,"column":4},"end":{"line":110,"column":null}},"36":{"start":{"line":104,"column":22},"end":{"line":104,"column":59}},"37":{"start":{"line":105,"column":6},"end":{"line":107,"column":null}},"38":{"start":{"line":106,"column":8},"end":{"line":106,"column":null}},"39":{"start":{"line":109,"column":6},"end":{"line":109,"column":null}},"40":{"start":{"line":114,"column":2},"end":{"line":127,"column":null}},"41":{"start":{"line":115,"column":4},"end":{"line":126,"column":null}},"42":{"start":{"line":116,"column":22},"end":{"line":116,"column":61}},"43":{"start":{"line":117,"column":6},"end":{"line":123,"column":null}},"44":{"start":{"line":118,"column":23},"end":{"line":118,"column":42}},"45":{"start":{"line":119,"column":8},"end":{"line":119,"column":null}},"46":{"start":{"line":121,"column":8},"end":{"line":121,"column":null}},"47":{"start":{"line":122,"column":8},"end":{"line":122,"column":null}},"48":{"start":{"line":125,"column":6},"end":{"line":125,"column":null}},"49":{"start":{"line":129,"column":2},"end":{"line":129,"column":null}},"50":{"start":{"line":139,"column":4},"end":{"line":139,"column":null}},"51":{"start":{"line":140,"column":4},"end":{"line":140,"column":null}},"52":{"start":{"line":141,"column":4},"end":{"line":141,"column":null}},"53":{"start":{"line":142,"column":4},"end":{"line":142,"column":null}},"54":{"start":{"line":143,"column":4},"end":{"line":143,"column":null}},"55":{"start":{"line":146,"column":4},"end":{"line":157,"column":null}},"56":{"start":{"line":160,"column":4},"end":{"line":164,"column":null}},"57":{"start":{"line":167,"column":4},"end":{"line":167,"column":null}},"58":{"start":{"line":168,"column":4},"end":{"line":168,"column":null}},"59":{"start":{"line":175,"column":17},"end":{"line":175,"column":48}},"60":{"start":{"line":177,"column":4},"end":{"line":211,"column":null}},"61":{"start":{"line":178,"column":6},"end":{"line":189,"column":null}},"62":{"start":{"line":192,"column":6},"end":{"line":197,"column":null}},"63":{"start":{"line":193,"column":8},"end":{"line":196,"column":null}},"64":{"start":{"line":200,"column":6},"end":{"line":210,"column":null}},"65":{"start":{"line":201,"column":26},"end":{"line":201,"column":76}},"66":{"start":{"line":202,"column":24},"end":{"line":202,"column":80}},"67":{"start":{"line":203,"column":8},"end":{"line":209,"column":null}},"68":{"start":{"line":204,"column":10},"end":{"line":208,"column":null}},"69":{"start":{"line":213,"column":4},"end":{"line":213,"column":null}},"70":{"start":{"line":227,"column":4},"end":{"line":234,"column":null}},"71":{"start":{"line":228,"column":6},"end":{"line":233,"column":null}},"72":{"start":{"line":237,"column":4},"end":{"line":242,"column":null}},"73":{"start":{"line":250,"column":4},"end":{"line":254,"column":null}},"74":{"start":{"line":265,"column":4},"end":{"line":267,"column":null}},"75":{"start":{"line":266,"column":6},"end":{"line":266,"column":null}},"76":{"start":{"line":269,"column":4},"end":{"line":269,"column":null}},"77":{"start":{"line":270,"column":4},"end":{"line":270,"column":null}},"78":{"start":{"line":272,"column":4},"end":{"line":276,"column":null}},"79":{"start":{"line":279,"column":4},"end":{"line":279,"column":null}},"80":{"start":{"line":286,"column":4},"end":{"line":289,"column":null}},"81":{"start":{"line":287,"column":6},"end":{"line":287,"column":null}},"82":{"start":{"line":288,"column":6},"end":{"line":288,"column":null}},"83":{"start":{"line":291,"column":4},"end":{"line":291,"column":null}},"84":{"start":{"line":292,"column":4},"end":{"line":292,"column":null}},"85":{"start":{"line":293,"column":4},"end":{"line":295,"column":null}},"86":{"start":{"line":294,"column":6},"end":{"line":294,"column":null}},"87":{"start":{"line":297,"column":4},"end":{"line":297,"column":null}},"88":{"start":{"line":307,"column":4},"end":{"line":309,"column":null}},"89":{"start":{"line":308,"column":6},"end":{"line":308,"column":null}},"90":{"start":{"line":312,"column":4},"end":{"line":312,"column":null}},"91":{"start":{"line":313,"column":4},"end":{"line":313,"column":null}},"92":{"start":{"line":314,"column":4},"end":{"line":316,"column":null}},"93":{"start":{"line":315,"column":6},"end":{"line":315,"column":null}},"94":{"start":{"line":319,"column":4},"end":{"line":319,"column":null}},"95":{"start":{"line":320,"column":4},"end":{"line":320,"column":null}},"96":{"start":{"line":321,"column":4},"end":{"line":321,"column":null}},"97":{"start":{"line":324,"column":4},"end":{"line":324,"column":null}},"98":{"start":{"line":326,"column":4},"end":{"line":326,"column":null}},"99":{"start":{"line":335,"column":4},"end":{"line":337,"column":null}},"100":{"start":{"line":336,"column":6},"end":{"line":336,"column":13}},"101":{"start":{"line":340,"column":4},"end":{"line":342,"column":null}},"102":{"start":{"line":341,"column":6},"end":{"line":341,"column":null}},"103":{"start":{"line":344,"column":4},"end":{"line":344,"column":null}},"104":{"start":{"line":345,"column":4},"end":{"line":345,"column":null}},"105":{"start":{"line":346,"column":4},"end":{"line":346,"column":null}},"106":{"start":{"line":349,"column":4},"end":{"line":349,"column":null}},"107":{"start":{"line":364,"column":4},"end":{"line":364,"column":null}},"108":{"start":{"line":365,"column":4},"end":{"line":365,"column":null}},"109":{"start":{"line":366,"column":4},"end":{"line":366,"column":null}},"110":{"start":{"line":368,"column":4},"end":{"line":368,"column":null}},"111":{"start":{"line":370,"column":4},"end":{"line":374,"column":null}},"112":{"start":{"line":381,"column":29},"end":{"line":381,"column":67}},"113":{"start":{"line":382,"column":25},"end":{"line":382,"column":57}},"114":{"start":{"line":383,"column":23},"end":{"line":383,"column":62}},"115":{"start":{"line":384,"column":30},"end":{"line":384,"column":55}},"116":{"start":{"line":386,"column":4},"end":{"line":393,"column":null}},"117":{"start":{"line":397,"column":4},"end":{"line":399,"column":null}},"118":{"start":{"line":398,"column":6},"end":{"line":398,"column":null}},"119":{"start":{"line":401,"column":4},"end":{"line":401,"column":null}},"120":{"start":{"line":403,"column":4},"end":{"line":403,"column":null}},"121":{"start":{"line":404,"column":4},"end":{"line":404,"column":null}},"122":{"start":{"line":405,"column":4},"end":{"line":405,"column":null}},"123":{"start":{"line":406,"column":4},"end":{"line":406,"column":null}},"124":{"start":{"line":408,"column":4},"end":{"line":411,"column":null}},"125":{"start":{"line":418,"column":4},"end":{"line":418,"column":null}},"126":{"start":{"line":419,"column":4},"end":{"line":419,"column":null}},"127":{"start":{"line":426,"column":17},"end":{"line":456,"column":5}},"128":{"start":{"line":458,"column":4},"end":{"line":458,"column":null}},"129":{"start":{"line":465,"column":17},"end":{"line":500,"column":5}},"130":{"start":{"line":502,"column":4},"end":{"line":502,"column":null}},"131":{"start":{"line":509,"column":4},"end":{"line":514,"column":null}},"132":{"start":{"line":525,"column":4},"end":{"line":527,"column":null}},"133":{"start":{"line":526,"column":6},"end":{"line":526,"column":null}},"134":{"start":{"line":530,"column":4},"end":{"line":532,"column":null}},"135":{"start":{"line":531,"column":6},"end":{"line":531,"column":null}},"136":{"start":{"line":533,"column":4},"end":{"line":535,"column":null}},"137":{"start":{"line":534,"column":6},"end":{"line":534,"column":null}},"138":{"start":{"line":536,"column":4},"end":{"line":538,"column":null}},"139":{"start":{"line":537,"column":6},"end":{"line":537,"column":null}},"140":{"start":{"line":539,"column":4},"end":{"line":541,"column":null}},"141":{"start":{"line":540,"column":6},"end":{"line":540,"column":null}},"142":{"start":{"line":542,"column":4},"end":{"line":544,"column":null}},"143":{"start":{"line":543,"column":6},"end":{"line":543,"column":null}},"144":{"start":{"line":545,"column":4},"end":{"line":547,"column":null}},"145":{"start":{"line":546,"column":6},"end":{"line":546,"column":null}},"146":{"start":{"line":550,"column":4},"end":{"line":550,"column":null}},"147":{"start":{"line":552,"column":4},"end":{"line":552,"column":null}},"148":{"start":{"line":560,"column":21},"end":{"line":560,"column":75}},"149":{"start":{"line":561,"column":2},"end":{"line":561,"column":null}},"150":{"start":{"line":568,"column":17},"end":{"line":568,"column":74}},"151":{"start":{"line":569,"column":2},"end":{"line":569,"column":null}}},"fnMap":{"0":{"name":"sanitize","decl":{"start":{"line":29,"column":9},"end":{"line":29,"column":17}},"loc":{"start":{"line":29,"column":23},"end":{"line":31,"column":null}},"line":29},"1":{"name":"getCursorPath","decl":{"start":{"line":36,"column":16},"end":{"line":36,"column":29}},"loc":{"start":{"line":36,"column":78},"end":{"line":39,"column":null}},"line":36},"2":{"name":"atomicWriteFile","decl":{"start":{"line":52,"column":16},"end":{"line":52,"column":31}},"loc":{"start":{"line":52,"column":48},"end":{"line":93,"column":null}},"line":52},"3":{"name":"readCursorSafe","decl":{"start":{"line":98,"column":9},"end":{"line":98,"column":23}},"loc":{"start":{"line":98,"column":34},"end":{"line":130,"column":null}},"line":98},"4":{"name":"(anonymous_4)","decl":{"start":{"line":138,"column":2},"end":{"line":138,"column":13}},"loc":{"start":{"line":138,"column":81},"end":{"line":169,"column":null}},"line":138},"5":{"name":"(anonymous_5)","decl":{"start":{"line":174,"column":2},"end":{"line":174,"column":6}},"loc":{"start":{"line":174,"column":9},"end":{"line":214,"column":null}},"line":174},"6":{"name":"(anonymous_6)","decl":{"start":{"line":225,"column":2},"end":{"line":225,"column":19}},"loc":{"start":{"line":225,"column":46},"end":{"line":243,"column":null}},"line":225},"7":{"name":"(anonymous_7)","decl":{"start":{"line":249,"column":2},"end":{"line":249,"column":25}},"loc":{"start":{"line":249,"column":28},"end":{"line":255,"column":null}},"line":249},"8":{"name":"(anonymous_8)","decl":{"start":{"line":264,"column":2},"end":{"line":264,"column":18}},"loc":{"start":{"line":264,"column":53},"end":{"line":280,"column":null}},"line":264},"9":{"name":"(anonymous_9)","decl":{"start":{"line":285,"column":2},"end":{"line":285,"column":12}},"loc":{"start":{"line":285,"column":47},"end":{"line":298,"column":null}},"line":285},"10":{"name":"(anonymous_10)","decl":{"start":{"line":306,"column":2},"end":{"line":306,"column":8}},"loc":{"start":{"line":306,"column":11},"end":{"line":327,"column":null}},"line":306},"11":{"name":"(anonymous_11)","decl":{"start":{"line":334,"column":2},"end":{"line":334,"column":10}},"loc":{"start":{"line":334,"column":13},"end":{"line":350,"column":null}},"line":334},"12":{"name":"(anonymous_12)","decl":{"start":{"line":362,"column":2},"end":{"line":362,"column":12}},"loc":{"start":{"line":362,"column":62},"end":{"line":375,"column":null}},"line":362},"13":{"name":"(anonymous_13)","decl":{"start":{"line":380,"column":2},"end":{"line":380,"column":14}},"loc":{"start":{"line":380,"column":17},"end":{"line":394,"column":null}},"line":380},"14":{"name":"(anonymous_14)","decl":{"start":{"line":396,"column":2},"end":{"line":396,"column":14}},"loc":{"start":{"line":396,"column":17},"end":{"line":412,"column":null}},"line":396},"15":{"name":"(anonymous_15)","decl":{"start":{"line":417,"column":2},"end":{"line":417,"column":15}},"loc":{"start":{"line":417,"column":34},"end":{"line":420,"column":null}},"line":417},"16":{"name":"(anonymous_16)","decl":{"start":{"line":425,"column":2},"end":{"line":425,"column":20}},"loc":{"start":{"line":425,"column":23},"end":{"line":459,"column":null}},"line":425},"17":{"name":"(anonymous_17)","decl":{"start":{"line":464,"column":2},"end":{"line":464,"column":22}},"loc":{"start":{"line":464,"column":25},"end":{"line":503,"column":null}},"line":464},"18":{"name":"(anonymous_18)","decl":{"start":{"line":508,"column":2},"end":{"line":508,"column":10}},"loc":{"start":{"line":508,"column":13},"end":{"line":515,"column":null}},"line":508},"19":{"name":"(anonymous_19)","decl":{"start":{"line":523,"column":2},"end":{"line":523,"column":12}},"loc":{"start":{"line":523,"column":20},"end":{"line":553,"column":null}},"line":523},"20":{"name":"loadCursorLegacy","decl":{"start":{"line":559,"column":16},"end":{"line":559,"column":32}},"loc":{"start":{"line":559,"column":81},"end":{"line":562,"column":null}},"line":559},"21":{"name":"isCursorComplete","decl":{"start":{"line":567,"column":16},"end":{"line":567,"column":32}},"loc":{"start":{"line":567,"column":81},"end":{"line":570,"column":null}},"line":567}},"branchMap":{"0":{"loc":{"start":{"line":36,"column":59},"end":{"line":36,"column":76}},"type":"default-arg","locations":[{"start":{"line":36,"column":72},"end":{"line":36,"column":76}}],"line":36},"1":{"loc":{"start":{"line":37,"column":22},"end":{"line":37,"column":70}},"type":"cond-expr","locations":[{"start":{"line":37,"column":44},"end":{"line":37,"column":65}},{"start":{"line":37,"column":68},"end":{"line":37,"column":70}}],"line":37},"2":{"loc":{"start":{"line":59,"column":4},"end":{"line":61,"column":null}},"type":"if","locations":[{"start":{"line":59,"column":4},"end":{"line":61,"column":null}},{"start":{},"end":{}}],"line":59},"3":{"loc":{"start":{"line":64,"column":20},"end":{"line":64,"column":83}},"type":"cond-expr","locations":[{"start":{"line":64,"column":47},"end":{"line":64,"column":51}},{"start":{"line":64,"column":54},"end":{"line":64,"column":83}}],"line":64},"4":{"loc":{"start":{"line":68,"column":4},"end":{"line":77,"column":null}},"type":"if","locations":[{"start":{"line":68,"column":4},"end":{"line":77,"column":null}},{"start":{},"end":{}}],"line":68},"5":{"loc":{"start":{"line":86,"column":6},"end":{"line":88,"column":null}},"type":"if","locations":[{"start":{"line":86,"column":6},"end":{"line":88,"column":null}},{"start":{},"end":{}}],"line":86},"6":{"loc":{"start":{"line":102,"column":2},"end":{"line":111,"column":null}},"type":"if","locations":[{"start":{"line":102,"column":2},"end":{"line":111,"column":null}},{"start":{},"end":{}}],"line":102},"7":{"loc":{"start":{"line":105,"column":6},"end":{"line":107,"column":null}},"type":"if","locations":[{"start":{"line":105,"column":6},"end":{"line":107,"column":null}},{"start":{},"end":{}}],"line":105},"8":{"loc":{"start":{"line":114,"column":2},"end":{"line":127,"column":null}},"type":"if","locations":[{"start":{"line":114,"column":2},"end":{"line":127,"column":null}},{"start":{},"end":{}}],"line":114},"9":{"loc":{"start":{"line":117,"column":6},"end":{"line":123,"column":null}},"type":"if","locations":[{"start":{"line":117,"column":6},"end":{"line":123,"column":null}},{"start":{},"end":{}}],"line":117},"10":{"loc":{"start":{"line":138,"column":43},"end":{"line":138,"column":60}},"type":"default-arg","locations":[{"start":{"line":138,"column":56},"end":{"line":138,"column":60}}],"line":138},"11":{"loc":{"start":{"line":138,"column":62},"end":{"line":138,"column":79}},"type":"default-arg","locations":[{"start":{"line":138,"column":75},"end":{"line":138,"column":79}}],"line":138},"12":{"loc":{"start":{"line":177,"column":4},"end":{"line":211,"column":null}},"type":"if","locations":[{"start":{"line":177,"column":4},"end":{"line":211,"column":null}},{"start":{},"end":{}}],"line":177},"13":{"loc":{"start":{"line":179,"column":20},"end":{"line":179,"column":74}},"type":"binary-expr","locations":[{"start":{"line":179,"column":20},"end":{"line":179,"column":46}},{"start":{"line":179,"column":50},"end":{"line":179,"column":66}},{"start":{"line":179,"column":70},"end":{"line":179,"column":74}}],"line":179},"14":{"loc":{"start":{"line":180,"column":22},"end":{"line":180,"column":71}},"type":"binary-expr","locations":[{"start":{"line":180,"column":22},"end":{"line":180,"column":44}},{"start":{"line":180,"column":48},"end":{"line":180,"column":66}},{"start":{"line":180,"column":70},"end":{"line":180,"column":71}}],"line":180},"15":{"loc":{"start":{"line":181,"column":21},"end":{"line":181,"column":68}},"type":"binary-expr","locations":[{"start":{"line":181,"column":21},"end":{"line":181,"column":42}},{"start":{"line":181,"column":46},"end":{"line":181,"column":63}},{"start":{"line":181,"column":67},"end":{"line":181,"column":68}}],"line":181},"16":{"loc":{"start":{"line":182,"column":17},"end":{"line":182,"column":38}},"type":"binary-expr","locations":[{"start":{"line":182,"column":17},"end":{"line":182,"column":30}},{"start":{"line":182,"column":34},"end":{"line":182,"column":38}}],"line":182},"17":{"loc":{"start":{"line":183,"column":17},"end":{"line":183,"column":38}},"type":"binary-expr","locations":[{"start":{"line":183,"column":17},"end":{"line":183,"column":30}},{"start":{"line":183,"column":34},"end":{"line":183,"column":38}}],"line":183},"18":{"loc":{"start":{"line":184,"column":18},"end":{"line":184,"column":40}},"type":"binary-expr","locations":[{"start":{"line":184,"column":18},"end":{"line":184,"column":31}},{"start":{"line":184,"column":35},"end":{"line":184,"column":40}}],"line":184},"19":{"loc":{"start":{"line":186,"column":26},"end":{"line":186,"column":57}},"type":"binary-expr","locations":[{"start":{"line":186,"column":26},"end":{"line":186,"column":49}},{"start":{"line":186,"column":53},"end":{"line":186,"column":57}}],"line":186},"20":{"loc":{"start":{"line":187,"column":29},"end":{"line":187,"column":60}},"type":"binary-expr","locations":[{"start":{"line":187,"column":29},"end":{"line":187,"column":55}},{"start":{"line":187,"column":59},"end":{"line":187,"column":60}}],"line":187},"21":{"loc":{"start":{"line":188,"column":28},"end":{"line":188,"column":58}},"type":"binary-expr","locations":[{"start":{"line":188,"column":28},"end":{"line":188,"column":53}},{"start":{"line":188,"column":57},"end":{"line":188,"column":58}}],"line":188},"22":{"loc":{"start":{"line":192,"column":6},"end":{"line":197,"column":null}},"type":"if","locations":[{"start":{"line":192,"column":6},"end":{"line":197,"column":null}},{"start":{},"end":{}}],"line":192},"23":{"loc":{"start":{"line":192,"column":10},"end":{"line":192,"column":61}},"type":"binary-expr","locations":[{"start":{"line":192,"column":10},"end":{"line":192,"column":34}},{"start":{"line":192,"column":38},"end":{"line":192,"column":61}}],"line":192},"24":{"loc":{"start":{"line":200,"column":6},"end":{"line":210,"column":null}},"type":"if","locations":[{"start":{"line":200,"column":6},"end":{"line":210,"column":null}},{"start":{},"end":{}}],"line":200},"25":{"loc":{"start":{"line":200,"column":10},"end":{"line":200,"column":80}},"type":"binary-expr","locations":[{"start":{"line":200,"column":10},"end":{"line":200,"column":46}},{"start":{"line":200,"column":50},"end":{"line":200,"column":80}}],"line":200},"26":{"loc":{"start":{"line":203,"column":8},"end":{"line":209,"column":null}},"type":"if","locations":[{"start":{"line":203,"column":8},"end":{"line":209,"column":null}},{"start":{},"end":{}}],"line":203},"27":{"loc":{"start":{"line":225,"column":20},"end":{"line":225,"column":44}},"type":"default-arg","locations":[{"start":{"line":225,"column":39},"end":{"line":225,"column":44}}],"line":225},"28":{"loc":{"start":{"line":227,"column":4},"end":{"line":234,"column":null}},"type":"if","locations":[{"start":{"line":227,"column":4},"end":{"line":234,"column":null}},{"start":{},"end":{}}],"line":227},"29":{"loc":{"start":{"line":227,"column":8},"end":{"line":227,"column":65}},"type":"binary-expr","locations":[{"start":{"line":227,"column":8},"end":{"line":227,"column":25}},{"start":{"line":227,"column":29},"end":{"line":227,"column":65}}],"line":227},"30":{"loc":{"start":{"line":265,"column":4},"end":{"line":267,"column":null}},"type":"if","locations":[{"start":{"line":265,"column":4},"end":{"line":267,"column":null}},{"start":{},"end":{}}],"line":265},"31":{"loc":{"start":{"line":286,"column":4},"end":{"line":289,"column":null}},"type":"if","locations":[{"start":{"line":286,"column":4},"end":{"line":289,"column":null}},{"start":{},"end":{}}],"line":286},"32":{"loc":{"start":{"line":293,"column":4},"end":{"line":295,"column":null}},"type":"if","locations":[{"start":{"line":293,"column":4},"end":{"line":295,"column":null}},{"start":{},"end":{}}],"line":293},"33":{"loc":{"start":{"line":293,"column":8},"end":{"line":293,"column":108}},"type":"binary-expr","locations":[{"start":{"line":293,"column":8},"end":{"line":293,"column":23}},{"start":{"line":293,"column":28},"end":{"line":293,"column":57}},{"start":{"line":293,"column":61},"end":{"line":293,"column":107}}],"line":293},"34":{"loc":{"start":{"line":307,"column":4},"end":{"line":309,"column":null}},"type":"if","locations":[{"start":{"line":307,"column":4},"end":{"line":309,"column":null}},{"start":{},"end":{}}],"line":307},"35":{"loc":{"start":{"line":314,"column":4},"end":{"line":316,"column":null}},"type":"if","locations":[{"start":{"line":314,"column":4},"end":{"line":316,"column":null}},{"start":{},"end":{}}],"line":314},"36":{"loc":{"start":{"line":335,"column":4},"end":{"line":337,"column":null}},"type":"if","locations":[{"start":{"line":335,"column":4},"end":{"line":337,"column":null}},{"start":{},"end":{}}],"line":335},"37":{"loc":{"start":{"line":340,"column":4},"end":{"line":342,"column":null}},"type":"if","locations":[{"start":{"line":340,"column":4},"end":{"line":342,"column":null}},{"start":{},"end":{}}],"line":340},"38":{"loc":{"start":{"line":362,"column":13},"end":{"line":362,"column":29}},"type":"default-arg","locations":[{"start":{"line":362,"column":25},"end":{"line":362,"column":29}}],"line":362},"39":{"loc":{"start":{"line":362,"column":31},"end":{"line":362,"column":45}},"type":"default-arg","locations":[{"start":{"line":362,"column":41},"end":{"line":362,"column":45}}],"line":362},"40":{"loc":{"start":{"line":362,"column":47},"end":{"line":362,"column":60}},"type":"default-arg","locations":[{"start":{"line":362,"column":56},"end":{"line":362,"column":60}}],"line":362},"41":{"loc":{"start":{"line":364,"column":43},"end":{"line":364,"column":86}},"type":"binary-expr","locations":[{"start":{"line":364,"column":43},"end":{"line":364,"column":52}},{"start":{"line":364,"column":56},"end":{"line":364,"column":86}}],"line":364},"42":{"loc":{"start":{"line":365,"column":46},"end":{"line":365,"column":89}},"type":"binary-expr","locations":[{"start":{"line":365,"column":46},"end":{"line":365,"column":53}},{"start":{"line":365,"column":57},"end":{"line":365,"column":89}}],"line":365},"43":{"loc":{"start":{"line":366,"column":45},"end":{"line":366,"column":86}},"type":"binary-expr","locations":[{"start":{"line":366,"column":45},"end":{"line":366,"column":51}},{"start":{"line":366,"column":55},"end":{"line":366,"column":86}}],"line":366},"44":{"loc":{"start":{"line":397,"column":4},"end":{"line":399,"column":null}},"type":"if","locations":[{"start":{"line":397,"column":4},"end":{"line":399,"column":null}},{"start":{},"end":{}}],"line":397},"45":{"loc":{"start":{"line":397,"column":8},"end":{"line":397,"column":91}},"type":"binary-expr","locations":[{"start":{"line":397,"column":8},"end":{"line":397,"column":26}},{"start":{"line":397,"column":30},"end":{"line":397,"column":59}},{"start":{"line":397,"column":63},"end":{"line":397,"column":91}}],"line":397},"46":{"loc":{"start":{"line":499,"column":10},"end":{"line":499,"column":88}},"type":"cond-expr","locations":[{"start":{"line":499,"column":41},"end":{"line":499,"column":83}},{"start":{"line":499,"column":86},"end":{"line":499,"column":88}}],"line":499},"47":{"loc":{"start":{"line":525,"column":4},"end":{"line":527,"column":null}},"type":"if","locations":[{"start":{"line":525,"column":4},"end":{"line":527,"column":null}},{"start":{},"end":{}}],"line":525},"48":{"loc":{"start":{"line":530,"column":4},"end":{"line":532,"column":null}},"type":"if","locations":[{"start":{"line":530,"column":4},"end":{"line":532,"column":null}},{"start":{},"end":{}}],"line":530},"49":{"loc":{"start":{"line":533,"column":4},"end":{"line":535,"column":null}},"type":"if","locations":[{"start":{"line":533,"column":4},"end":{"line":535,"column":null}},{"start":{},"end":{}}],"line":533},"50":{"loc":{"start":{"line":536,"column":4},"end":{"line":538,"column":null}},"type":"if","locations":[{"start":{"line":536,"column":4},"end":{"line":538,"column":null}},{"start":{},"end":{}}],"line":536},"51":{"loc":{"start":{"line":539,"column":4},"end":{"line":541,"column":null}},"type":"if","locations":[{"start":{"line":539,"column":4},"end":{"line":541,"column":null}},{"start":{},"end":{}}],"line":539},"52":{"loc":{"start":{"line":542,"column":4},"end":{"line":544,"column":null}},"type":"if","locations":[{"start":{"line":542,"column":4},"end":{"line":544,"column":null}},{"start":{},"end":{}}],"line":542},"53":{"loc":{"start":{"line":545,"column":4},"end":{"line":547,"column":null}},"type":"if","locations":[{"start":{"line":545,"column":4},"end":{"line":547,"column":null}},{"start":{},"end":{}}],"line":545},"54":{"loc":{"start":{"line":559,"column":62},"end":{"line":559,"column":79}},"type":"default-arg","locations":[{"start":{"line":559,"column":75},"end":{"line":559,"column":79}}],"line":559},"55":{"loc":{"start":{"line":567,"column":62},"end":{"line":567,"column":79}},"type":"default-arg","locations":[{"start":{"line":567,"column":75},"end":{"line":567,"column":79}}],"line":567}},"s":{"0":2,"1":2,"2":2,"3":2,"4":2,"5":2,"6":2,"7":2,"8":2,"9":2,"10":2,"11":60,"12":60,"13":60,"14":79,"15":79,"16":79,"17":79,"18":79,"19":0,"20":79,"21":79,"22":79,"23":43,"24":43,"25":43,"26":43,"27":79,"28":79,"29":0,"30":0,"31":0,"32":0,"33":14,"34":14,"35":11,"36":11,"37":11,"38":11,"39":3,"40":6,"41":3,"42":3,"43":3,"44":3,"45":3,"46":3,"47":3,"48":1,"49":4,"50":50,"51":50,"52":50,"53":50,"54":50,"55":50,"56":50,"57":50,"58":50,"59":9,"60":9,"61":7,"62":7,"63":1,"64":7,"65":0,"66":0,"67":0,"68":0,"69":9,"70":4,"71":2,"72":2,"73":0,"74":38,"75":2,"76":36,"77":36,"78":36,"79":36,"80":5,"81":1,"82":1,"83":4,"84":4,"85":4,"86":3,"87":4,"88":23,"89":2,"90":21,"91":21,"92":21,"93":21,"94":21,"95":21,"96":21,"97":21,"98":21,"99":4,"100":1,"101":3,"102":3,"103":3,"104":3,"105":3,"106":3,"107":8,"108":8,"109":8,"110":8,"111":8,"112":8,"113":8,"114":8,"115":8,"116":8,"117":2,"118":1,"119":1,"120":1,"121":1,"122":1,"123":1,"124":1,"125":1,"126":1,"127":40,"128":40,"129":37,"130":37,"131":4,"132":4,"133":1,"134":4,"135":2,"136":4,"137":2,"138":4,"139":1,"140":4,"141":1,"142":4,"143":1,"144":4,"145":1,"146":4,"147":4,"148":5,"149":5,"150":3,"151":3},"f":{"0":60,"1":60,"2":79,"3":14,"4":50,"5":9,"6":4,"7":0,"8":38,"9":5,"10":23,"11":4,"12":8,"13":8,"14":2,"15":1,"16":40,"17":37,"18":4,"19":4,"20":5,"21":3},"b":{"0":[60],"1":[4,56],"2":[0,79],"3":[0,79],"4":[43,36],"5":[0,0],"6":[11,3],"7":[11,0],"8":[3,3],"9":[3,0],"10":[50],"11":[50],"12":[7,2],"13":[7,0,0],"14":[7,0,0],"15":[7,0,0],"16":[7,7],"17":[7,7],"18":[7,7],"19":[7,7],"20":[7,7],"21":[7,7],"22":[1,6],"23":[7,6],"24":[0,7],"25":[7,0],"26":[0,0],"27":[4],"28":[2,2],"29":[4,2],"30":[2,36],"31":[1,4],"32":[3,1],"33":[4,4,4],"34":[2,21],"35":[21,0],"36":[1,3],"37":[3,0],"38":[8],"39":[8],"40":[8],"41":[8,2],"42":[8,2],"43":[8,2],"44":[1,1],"45":[2,1,1],"46":[2,35],"47":[1,3],"48":[2,2],"49":[2,2],"50":[1,3],"51":[1,3],"52":[1,3],"53":[1,3],"54":[5],"55":[3]},"meta":{"lastBranch":56,"lastFunction":22,"lastStatement":152,"seen":{"s:18:88:18:123":0,"s:18:146:18:183":1,"s:18:207:18:245":2,"s:18:266:18:301":3,"s:18:321:18:355":4,"s:18:376:18:411":5,"s:18:430:18:463":6,"s:19:86:19:117":7,"s:19:135:19:169":8,"s:23:21:23:38":9,"s:24:18:24:33":10,"f:29:9:29:17":0,"s:30:2:30:Infinity":11,"f:36:16:36:29":1,"b:36:72:36:76":0,"s:37:22:37:70":12,"b:37:44:37:65:37:68:37:70":1,"s:38:2:38:Infinity":13,"f:52:16:52:31":2,"s:53:19:53:36":14,"s:54:21:54:38":15,"s:56:2:92:Infinity":16,"s:58:16:58:33":17,"b:59:4:61:Infinity:undefined:undefined:undefined:undefined":2,"s:59:4:61:Infinity":18,"s:60:6:60:Infinity":19,"s:64:20:64:83":20,"b:64:47:64:51:64:54:64:83":3,"s:65:4:65:Infinity":21,"b:68:4:77:Infinity:undefined:undefined:undefined:undefined":4,"s:68:4:77:Infinity":22,"s:69:6:76:Infinity":23,"s:71:25:71:55":24,"s:72:8:72:29":25,"s:73:8:73:Infinity":26,"s:80:4:80:Infinity":27,"s:82:4:82:Infinity":28,"s:85:4:89:Infinity":29,"b:86:6:88:Infinity:undefined:undefined:undefined:undefined":5,"s:86:6:88:Infinity":30,"s:87:8:87:Infinity":31,"s:91:4:91:Infinity":32,"f:98:9:98:23":3,"s:99:21:99:38":33,"b:102:2:111:Infinity:undefined:undefined:undefined:undefined":6,"s:102:2:111:Infinity":34,"s:103:4:110:Infinity":35,"s:104:22:104:59":36,"b:105:6:107:Infinity:undefined:undefined:undefined:undefined":7,"s:105:6:107:Infinity":37,"s:106:8:106:Infinity":38,"s:109:6:109:Infinity":39,"b:114:2:127:Infinity:undefined:undefined:undefined:undefined":8,"s:114:2:127:Infinity":40,"s:115:4:126:Infinity":41,"s:116:22:116:61":42,"b:117:6:123:Infinity:undefined:undefined:undefined:undefined":9,"s:117:6:123:Infinity":43,"s:118:23:118:42":44,"s:119:8:119:Infinity":45,"s:121:8:121:Infinity":46,"s:122:8:122:Infinity":47,"s:125:6:125:Infinity":48,"s:129:2:129:Infinity":49,"f:138:2:138:13":4,"b:138:56:138:60":10,"b:138:75:138:79":11,"s:139:4:139:Infinity":50,"s:140:4:140:Infinity":51,"s:141:4:141:Infinity":52,"s:142:4:142:Infinity":53,"s:143:4:143:Infinity":54,"s:146:4:157:Infinity":55,"s:160:4:164:Infinity":56,"s:167:4:167:Infinity":57,"s:168:4:168:Infinity":58,"f:174:2:174:6":5,"s:175:17:175:48":59,"b:177:4:211:Infinity:undefined:undefined:undefined:undefined":12,"s:177:4:211:Infinity":60,"s:178:6:189:Infinity":61,"b:179:20:179:46:179:50:179:66:179:70:179:74":13,"b:180:22:180:44:180:48:180:66:180:70:180:71":14,"b:181:21:181:42:181:46:181:63:181:67:181:68":15,"b:182:17:182:30:182:34:182:38":16,"b:183:17:183:30:183:34:183:38":17,"b:184:18:184:31:184:35:184:40":18,"b:186:26:186:49:186:53:186:57":19,"b:187:29:187:55:187:59:187:60":20,"b:188:28:188:53:188:57:188:58":21,"b:192:6:197:Infinity:undefined:undefined:undefined:undefined":22,"s:192:6:197:Infinity":62,"b:192:10:192:34:192:38:192:61":23,"s:193:8:196:Infinity":63,"b:200:6:210:Infinity:undefined:undefined:undefined:undefined":24,"s:200:6:210:Infinity":64,"b:200:10:200:46:200:50:200:80":25,"s:201:26:201:76":65,"s:202:24:202:80":66,"b:203:8:209:Infinity:undefined:undefined:undefined:undefined":26,"s:203:8:209:Infinity":67,"s:204:10:208:Infinity":68,"s:213:4:213:Infinity":69,"f:225:2:225:19":6,"b:225:39:225:44":27,"b:227:4:234:Infinity:undefined:undefined:undefined:undefined":28,"s:227:4:234:Infinity":70,"b:227:8:227:25:227:29:227:65":29,"s:228:6:233:Infinity":71,"s:237:4:242:Infinity":72,"f:249:2:249:25":7,"s:250:4:254:Infinity":73,"f:264:2:264:18":8,"b:265:4:267:Infinity:undefined:undefined:undefined:undefined":30,"s:265:4:267:Infinity":74,"s:266:6:266:Infinity":75,"s:269:4:269:Infinity":76,"s:270:4:270:Infinity":77,"s:272:4:276:Infinity":78,"s:279:4:279:Infinity":79,"f:285:2:285:12":9,"b:286:4:289:Infinity:undefined:undefined:undefined:undefined":31,"s:286:4:289:Infinity":80,"s:287:6:287:Infinity":81,"s:288:6:288:Infinity":82,"s:291:4:291:Infinity":83,"s:292:4:292:Infinity":84,"b:293:4:295:Infinity:undefined:undefined:undefined:undefined":32,"s:293:4:295:Infinity":85,"b:293:8:293:23:293:28:293:57:293:61:293:107":33,"s:294:6:294:Infinity":86,"s:297:4:297:Infinity":87,"f:306:2:306:8":10,"b:307:4:309:Infinity:undefined:undefined:undefined:undefined":34,"s:307:4:309:Infinity":88,"s:308:6:308:Infinity":89,"s:312:4:312:Infinity":90,"s:313:4:313:Infinity":91,"b:314:4:316:Infinity:undefined:undefined:undefined:undefined":35,"s:314:4:316:Infinity":92,"s:315:6:315:Infinity":93,"s:319:4:319:Infinity":94,"s:320:4:320:Infinity":95,"s:321:4:321:Infinity":96,"s:324:4:324:Infinity":97,"s:326:4:326:Infinity":98,"f:334:2:334:10":11,"b:335:4:337:Infinity:undefined:undefined:undefined:undefined":36,"s:335:4:337:Infinity":99,"s:336:6:336:13":100,"b:340:4:342:Infinity:undefined:undefined:undefined:undefined":37,"s:340:4:342:Infinity":101,"s:341:6:341:Infinity":102,"s:344:4:344:Infinity":103,"s:345:4:345:Infinity":104,"s:346:4:346:Infinity":105,"s:349:4:349:Infinity":106,"f:362:2:362:12":12,"b:362:25:362:29":38,"b:362:41:362:45":39,"b:362:56:362:60":40,"s:364:4:364:Infinity":107,"b:364:43:364:52:364:56:364:86":41,"s:365:4:365:Infinity":108,"b:365:46:365:53:365:57:365:89":42,"s:366:4:366:Infinity":109,"b:366:45:366:51:366:55:366:86":43,"s:368:4:368:Infinity":110,"s:370:4:374:Infinity":111,"f:380:2:380:14":13,"s:381:29:381:67":112,"s:382:25:382:57":113,"s:383:23:383:62":114,"s:384:30:384:55":115,"s:386:4:393:Infinity":116,"f:396:2:396:14":14,"b:397:4:399:Infinity:undefined:undefined:undefined:undefined":44,"s:397:4:399:Infinity":117,"b:397:8:397:26:397:30:397:59:397:63:397:91":45,"s:398:6:398:Infinity":118,"s:401:4:401:Infinity":119,"s:403:4:403:Infinity":120,"s:404:4:404:Infinity":121,"s:405:4:405:Infinity":122,"s:406:4:406:Infinity":123,"s:408:4:411:Infinity":124,"f:417:2:417:15":15,"s:418:4:418:Infinity":125,"s:419:4:419:Infinity":126,"f:425:2:425:20":16,"s:426:17:456:5":127,"s:458:4:458:Infinity":128,"f:464:2:464:22":17,"s:465:17:500:5":129,"b:499:41:499:83:499:86:499:88":46,"s:502:4:502:Infinity":130,"f:508:2:508:10":18,"s:509:4:514:Infinity":131,"f:523:2:523:12":19,"b:525:4:527:Infinity:undefined:undefined:undefined:undefined":47,"s:525:4:527:Infinity":132,"s:526:6:526:Infinity":133,"b:530:4:532:Infinity:undefined:undefined:undefined:undefined":48,"s:530:4:532:Infinity":134,"s:531:6:531:Infinity":135,"b:533:4:535:Infinity:undefined:undefined:undefined:undefined":49,"s:533:4:535:Infinity":136,"s:534:6:534:Infinity":137,"b:536:4:538:Infinity:undefined:undefined:undefined:undefined":50,"s:536:4:538:Infinity":138,"s:537:6:537:Infinity":139,"b:539:4:541:Infinity:undefined:undefined:undefined:undefined":51,"s:539:4:541:Infinity":140,"s:540:6:540:Infinity":141,"b:542:4:544:Infinity:undefined:undefined:undefined:undefined":52,"s:542:4:544:Infinity":142,"s:543:6:543:Infinity":143,"b:545:4:547:Infinity:undefined:undefined:undefined:undefined":53,"s:545:4:547:Infinity":144,"s:546:6:546:Infinity":145,"s:550:4:550:Infinity":146,"s:552:4:552:Infinity":147,"f:559:16:559:32":20,"b:559:75:559:79":54,"s:560:21:560:75":148,"s:561:2:561:Infinity":149,"f:567:16:567:32":21,"b:567:75:567:79":55,"s:568:17:568:74":150,"s:569:2:569:Infinity":151}}}
,"/home/ben/amulet-scan-port/scripts/ingest/data-schema.js": {"path":"/home/ben/amulet-scan-port/scripts/ingest/data-schema.js","statementMap":{"0":{"start":{"line":17,"column":37},"end":{"line":41,"column":1}},"1":{"start":{"line":43,"column":36},"end":{"line":77,"column":1}},"2":{"start":{"line":80,"column":31},"end":{"line":102,"column":1}},"3":{"start":{"line":104,"column":30},"end":{"line":135,"column":1}},"4":{"start":{"line":142,"column":4},"end":{"line":142,"column":null}},"5":{"start":{"line":143,"column":4},"end":{"line":143,"column":null}},"6":{"start":{"line":144,"column":4},"end":{"line":144,"column":null}},"7":{"start":{"line":162,"column":46},"end":{"line":162,"column":53}},"8":{"start":{"line":164,"column":17},"end":{"line":164,"column":59}},"9":{"start":{"line":165,"column":25},"end":{"line":165,"column":43}},"10":{"start":{"line":169,"column":24},"end":{"line":169,"column":87}},"11":{"start":{"line":172,"column":21},"end":{"line":172,"column":96}},"12":{"start":{"line":175,"column":2},"end":{"line":194,"column":null}},"13":{"start":{"line":176,"column":21},"end":{"line":176,"column":65}},"14":{"start":{"line":177,"column":20},"end":{"line":183,"column":5}},"15":{"start":{"line":185,"column":20},"end":{"line":187,"column":98}},"16":{"start":{"line":189,"column":4},"end":{"line":193,"column":null}},"17":{"start":{"line":190,"column":6},"end":{"line":190,"column":null}},"18":{"start":{"line":191,"column":11},"end":{"line":193,"column":null}},"19":{"start":{"line":192,"column":6},"end":{"line":192,"column":null}},"20":{"start":{"line":197,"column":23},"end":{"line":197,"column":50}},"21":{"start":{"line":200,"column":21},"end":{"line":200,"column":46}},"22":{"start":{"line":201,"column":21},"end":{"line":201,"column":51}},"23":{"start":{"line":204,"column":29},"end":{"line":204,"column":50}},"24":{"start":{"line":205,"column":29},"end":{"line":205,"column":50}},"25":{"start":{"line":206,"column":21},"end":{"line":206,"column":47}},"26":{"start":{"line":207,"column":20},"end":{"line":207,"column":44}},"27":{"start":{"line":208,"column":30},"end":{"line":208,"column":52}},"28":{"start":{"line":210,"column":2},"end":{"line":237,"column":null}},"29":{"start":{"line":245,"column":2},"end":{"line":245,"column":null}},"30":{"start":{"line":245,"column":27},"end":{"line":245,"column":null}},"31":{"start":{"line":246,"column":2},"end":{"line":246,"column":null}},"32":{"start":{"line":246,"column":28},"end":{"line":246,"column":null}},"33":{"start":{"line":247,"column":2},"end":{"line":247,"column":null}},"34":{"start":{"line":247,"column":29},"end":{"line":247,"column":null}},"35":{"start":{"line":250,"column":2},"end":{"line":250,"column":null}},"36":{"start":{"line":258,"column":2},"end":{"line":258,"column":null}},"37":{"start":{"line":258,"column":27},"end":{"line":258,"column":null}},"38":{"start":{"line":259,"column":2},"end":{"line":259,"column":null}},"39":{"start":{"line":259,"column":28},"end":{"line":259,"column":null}},"40":{"start":{"line":260,"column":2},"end":{"line":260,"column":null}},"41":{"start":{"line":260,"column":29},"end":{"line":260,"column":null}},"42":{"start":{"line":262,"column":23},"end":{"line":262,"column":45}},"43":{"start":{"line":263,"column":2},"end":{"line":263,"column":null}},"44":{"start":{"line":263,"column":40},"end":{"line":263,"column":null}},"45":{"start":{"line":264,"column":2},"end":{"line":264,"column":null}},"46":{"start":{"line":264,"column":41},"end":{"line":264,"column":null}},"47":{"start":{"line":265,"column":2},"end":{"line":265,"column":null}},"48":{"start":{"line":265,"column":42},"end":{"line":265,"column":null}},"49":{"start":{"line":266,"column":2},"end":{"line":266,"column":null}},"50":{"start":{"line":286,"column":23},"end":{"line":286,"column":42}},"51":{"start":{"line":287,"column":24},"end":{"line":287,"column":44}},"52":{"start":{"line":288,"column":25},"end":{"line":288,"column":46}},"53":{"start":{"line":289,"column":21},"end":{"line":289,"column":77}},"54":{"start":{"line":292,"column":21},"end":{"line":294,"column":8}},"55":{"start":{"line":297,"column":21},"end":{"line":299,"column":8}},"56":{"start":{"line":302,"column":18},"end":{"line":307,"column":8}},"57":{"start":{"line":310,"column":22},"end":{"line":312,"column":34}},"58":{"start":{"line":315,"column":28},"end":{"line":315,"column":61}},"59":{"start":{"line":316,"column":20},"end":{"line":316,"column":55}},"60":{"start":{"line":321,"column":18},"end":{"line":321,"column":63}},"61":{"start":{"line":322,"column":2},"end":{"line":324,"column":null}},"62":{"start":{"line":323,"column":4},"end":{"line":323,"column":null}},"63":{"start":{"line":329,"column":20},"end":{"line":338,"column":3}},"64":{"start":{"line":330,"column":4},"end":{"line":330,"column":null}},"65":{"start":{"line":330,"column":12},"end":{"line":330,"column":null}},"66":{"start":{"line":331,"column":4},"end":{"line":331,"column":null}},"67":{"start":{"line":331,"column":27},"end":{"line":331,"column":null}},"68":{"start":{"line":332,"column":4},"end":{"line":332,"column":null}},"69":{"start":{"line":332,"column":31},"end":{"line":332,"column":null}},"70":{"start":{"line":333,"column":4},"end":{"line":336,"column":null}},"71":{"start":{"line":334,"column":20},"end":{"line":334,"column":54}},"72":{"start":{"line":335,"column":6},"end":{"line":335,"column":null}},"73":{"start":{"line":337,"column":4},"end":{"line":337,"column":null}},"74":{"start":{"line":340,"column":20},"end":{"line":340,"column":61}},"75":{"start":{"line":341,"column":22},"end":{"line":343,"column":74}},"76":{"start":{"line":346,"column":23},"end":{"line":346,"column":58}},"77":{"start":{"line":349,"column":22},"end":{"line":349,"column":76}},"78":{"start":{"line":350,"column":20},"end":{"line":350,"column":70}},"79":{"start":{"line":352,"column":25},"end":{"line":355,"column":8}},"80":{"start":{"line":356,"column":22},"end":{"line":356,"column":106}},"81":{"start":{"line":359,"column":24},"end":{"line":359,"column":116}},"82":{"start":{"line":361,"column":17},"end":{"line":361,"column":85}},"83":{"start":{"line":362,"column":20},"end":{"line":362,"column":97}},"84":{"start":{"line":364,"column":22},"end":{"line":364,"column":108}},"85":{"start":{"line":366,"column":24},"end":{"line":366,"column":119}},"86":{"start":{"line":367,"column":25},"end":{"line":367,"column":120}},"87":{"start":{"line":371,"column":29},"end":{"line":371,"column":71}},"88":{"start":{"line":372,"column":29},"end":{"line":372,"column":71}},"89":{"start":{"line":373,"column":21},"end":{"line":373,"column":73}},"90":{"start":{"line":374,"column":20},"end":{"line":374,"column":68}},"91":{"start":{"line":375,"column":30},"end":{"line":375,"column":74}},"92":{"start":{"line":377,"column":2},"end":{"line":411,"column":null}},"93":{"start":{"line":419,"column":2},"end":{"line":419,"column":null}},"94":{"start":{"line":419,"column":19},"end":{"line":419,"column":null}},"95":{"start":{"line":420,"column":16},"end":{"line":420,"column":37}},"96":{"start":{"line":421,"column":2},"end":{"line":421,"column":null}},"97":{"start":{"line":441,"column":12},"end":{"line":441,"column":31}},"98":{"start":{"line":442,"column":15},"end":{"line":442,"column":30}},"99":{"start":{"line":443,"column":16},"end":{"line":443,"column":32}},"100":{"start":{"line":444,"column":14},"end":{"line":444,"column":25}},"101":{"start":{"line":447,"column":14},"end":{"line":447,"column":30}},"102":{"start":{"line":449,"column":2},"end":{"line":449,"column":null}},"103":{"start":{"line":463,"column":2},"end":{"line":463,"column":null}},"104":{"start":{"line":463,"column":36},"end":{"line":463,"column":null}},"105":{"start":{"line":465,"column":17},"end":{"line":465,"column":19}},"106":{"start":{"line":466,"column":18},"end":{"line":466,"column":27}},"107":{"start":{"line":469,"column":4},"end":{"line":469,"column":null}},"108":{"start":{"line":469,"column":30},"end":{"line":469,"column":null}},"109":{"start":{"line":470,"column":4},"end":{"line":470,"column":null}},"110":{"start":{"line":472,"column":18},"end":{"line":472,"column":37}},"111":{"start":{"line":473,"column":4},"end":{"line":473,"column":null}},"112":{"start":{"line":473,"column":16},"end":{"line":473,"column":null}},"113":{"start":{"line":476,"column":4},"end":{"line":476,"column":null}},"114":{"start":{"line":479,"column":21},"end":{"line":481,"column":8}},"115":{"start":{"line":482,"column":4},"end":{"line":484,"column":null}},"116":{"start":{"line":483,"column":6},"end":{"line":483,"column":null}},"117":{"start":{"line":488,"column":2},"end":{"line":490,"column":null}},"118":{"start":{"line":489,"column":4},"end":{"line":489,"column":null}},"119":{"start":{"line":492,"column":2},"end":{"line":492,"column":null}}},"fnMap":{"0":{"name":"(anonymous_0)","decl":{"start":{"line":141,"column":2},"end":{"line":141,"column":13}},"loc":{"start":{"line":141,"column":37},"end":{"line":145,"column":null}},"line":141},"1":{"name":"normalizeUpdate","decl":{"start":{"line":161,"column":16},"end":{"line":161,"column":31}},"loc":{"start":{"line":161,"column":51},"end":{"line":238,"column":null}},"line":161},"2":{"name":"determineOriginalEventType","decl":{"start":{"line":244,"column":9},"end":{"line":244,"column":35}},"loc":{"start":{"line":244,"column":43},"end":{"line":251,"column":null}},"line":244},"3":{"name":"determineNormalizedEventType","decl":{"start":{"line":257,"column":9},"end":{"line":257,"column":37}},"loc":{"start":{"line":257,"column":45},"end":{"line":267,"column":null}},"line":257},"4":{"name":"normalizeEvent","decl":{"start":{"line":284,"column":16},"end":{"line":284,"column":30}},"loc":{"start":{"line":284,"column":97},"end":{"line":412,"column":null}},"line":284},"5":{"name":"(anonymous_5)","decl":{"start":{"line":329,"column":20},"end":{"line":329,"column":21}},"loc":{"start":{"line":329,"column":27},"end":{"line":338,"column":3}},"line":329},"6":{"name":"extractPackageName","decl":{"start":{"line":418,"column":9},"end":{"line":418,"column":27}},"loc":{"start":{"line":418,"column":40},"end":{"line":422,"column":null}},"line":418},"7":{"name":"getPartitionPath","decl":{"start":{"line":440,"column":16},"end":{"line":440,"column":32}},"loc":{"start":{"line":440,"column":82},"end":{"line":450,"column":null}},"line":440},"8":{"name":"flattenEventsInTreeOrder","decl":{"start":{"line":462,"column":16},"end":{"line":462,"column":40}},"loc":{"start":{"line":462,"column":67},"end":{"line":493,"column":null}},"line":462},"9":{"name":"traverse","decl":{"start":{"line":468,"column":11},"end":{"line":468,"column":19}},"loc":{"start":{"line":468,"column":29},"end":{"line":485,"column":null}},"line":468}},"branchMap":{"0":{"loc":{"start":{"line":141,"column":23},"end":{"line":141,"column":35}},"type":"default-arg","locations":[{"start":{"line":141,"column":33},"end":{"line":141,"column":35}}],"line":141},"1":{"loc":{"start":{"line":161,"column":37},"end":{"line":161,"column":49}},"type":"default-arg","locations":[{"start":{"line":161,"column":47},"end":{"line":161,"column":49}}],"line":161},"2":{"loc":{"start":{"line":162,"column":10},"end":{"line":162,"column":23}},"type":"default-arg","locations":[{"start":{"line":162,"column":19},"end":{"line":162,"column":23}}],"line":162},"3":{"loc":{"start":{"line":162,"column":25},"end":{"line":162,"column":41}},"type":"default-arg","locations":[{"start":{"line":162,"column":36},"end":{"line":162,"column":41}}],"line":162},"4":{"loc":{"start":{"line":164,"column":17},"end":{"line":164,"column":59}},"type":"binary-expr","locations":[{"start":{"line":164,"column":17},"end":{"line":164,"column":32}},{"start":{"line":164,"column":36},"end":{"line":164,"column":52}},{"start":{"line":164,"column":56},"end":{"line":164,"column":59}}],"line":164},"5":{"loc":{"start":{"line":169,"column":24},"end":{"line":169,"column":87}},"type":"binary-expr","locations":[{"start":{"line":169,"column":24},"end":{"line":169,"column":41}},{"start":{"line":169,"column":46},"end":{"line":169,"column":61}},{"start":{"line":169,"column":65},"end":{"line":169,"column":86}}],"line":169},"6":{"loc":{"start":{"line":172,"column":21},"end":{"line":172,"column":96}},"type":"cond-expr","locations":[{"start":{"line":172,"column":37},"end":{"line":172,"column":50}},{"start":{"line":172,"column":53},"end":{"line":172,"column":96}}],"line":172},"7":{"loc":{"start":{"line":172,"column":53},"end":{"line":172,"column":96}},"type":"cond-expr","locations":[{"start":{"line":172,"column":70},"end":{"line":172,"column":84}},{"start":{"line":172,"column":87},"end":{"line":172,"column":96}}],"line":172},"8":{"loc":{"start":{"line":175,"column":2},"end":{"line":194,"column":null}},"type":"if","locations":[{"start":{"line":175,"column":2},"end":{"line":194,"column":null}},{"start":{},"end":{}}],"line":175},"9":{"loc":{"star
[...]
:89:2:89:Infinity":16,"s:89:18:89:Infinity":17,"s:90:2:90:Infinity":18,"f:97:16:97:31":5,"b:97:58:97:62":10,"b:98:2:98:Infinity:undefined:undefined:undefined:undefined":11,"s:98:2:98:Infinity":19,"s:98:31:98:Infinity":20,"b:99:2:99:Infinity:undefined:undefined:undefined:undefined":12,"s:99:2:99:Infinity":21,"s:99:30:99:Infinity":22,"b:100:2:100:Infinity:undefined:undefined:undefined:undefined":13,"s:100:2:100:Infinity":23,"s:100:38:100:Infinity":24,"b:101:2:101:Infinity:undefined:undefined:undefined:undefined":14,"s:101:2:101:Infinity":25,"s:101:26:101:Infinity":26,"s:102:2:102:Infinity":27,"f:110:16:110:34":6,"b:110:52:110:55":15,"b:111:2:111:Infinity:undefined:undefined:undefined:undefined":16,"s:111:2:111:Infinity":28,"s:111:38:111:Infinity":29,"s:112:2:112:Infinity":30,"f:120:16:120:34":7,"b:121:2:121:Infinity:undefined:undefined:undefined:undefined":17,"s:121:2:121:Infinity":31,"s:121:31:121:Infinity":32,"b:122:2:122:Infinity:undefined:undefined:undefined:undefined":18,"s:122:2:122:Infinity":33,"s:122:38:122:Infinity":34,"s:125:2:125:Infinity":35,"f:132:16:132:33":8,"s:133:18:133:105":36,"b:134:2:134:Infinity:undefined:undefined:undefined:undefined":19,"s:134:2:134:Infinity":37,"s:134:29:134:Infinity":38,"s:135:2:135:Infinity":39,"f:142:16:142:33":9,"b:143:2:143:Infinity:undefined:undefined:undefined:undefined":20,"s:143:2:143:Infinity":40,"s:143:31:143:Infinity":41,"b:144:2:144:35:undefined:undefined:undefined:undefined":21,"s:144:2:144:35":42,"s:144:23:144:35":43,"b:145:2:145:Infinity:undefined:undefined:undefined:undefined":22,"s:145:2:145:Infinity":44,"s:145:38:145:Infinity":45,"s:148:21:148:94":46,"b:149:2:149:Infinity:undefined:undefined:undefined:undefined":23,"s:149:2:149:Infinity":47,"s:149:29:149:Infinity":48,"s:152:17:152:32":49,"b:153:2:153:Infinity:undefined:undefined:undefined:undefined":24,"s:153:2:153:Infinity":50,"s:153:21:153:Infinity":51,"s:155:2:155:Infinity":52,"f:162:16:162:35":10,"b:162:53:162:56":25,"b:163:2:163:Infinity:undefined:undefined:undefined:undefined":26,"s:163:2:163:Infinity":53,"s:163:31:163:Infinity":54,"b:164:2:164:Infinity:undefined:undefined:undefined:undefined":27,"s:164:2:164:Infinity":55,"s:164:30:164:Infinity":56,"b:165:2:165:Infinity:undefined:undefined:undefined:undefined":28,"s:165:2:165:Infinity":57,"s:165:38:165:Infinity":58,"b:169:2:169:Infinity:undefined:undefined:undefined:undefined":29,"s:169:2:169:Infinity":59,"s:169:28:169:Infinity":60,"s:171:2:171:Infinity":61,"f:178:16:178:34":11,"b:178:61:178:71":30,"b:179:2:179:Infinity:undefined:undefined:undefined:undefined":31,"s:179:2:179:Infinity":62,"s:179:40:179:Infinity":63,"s:180:18:180:42":64,"b:181:2:181:Infinity:undefined:undefined:undefined:undefined":32,"s:181:2:181:Infinity":65,"s:181:16:181:Infinity":66,"b:184:4:185:Infinity:186:4:187:Infinity:188:4:188:Infinity:189:4:190:Infinity":33,"s:183:2:191:Infinity":67,"s:185:6:185:Infinity":68,"s:187:6:187:Infinity":69,"s:190:6:190:Infinity":70,"f:198:16:198:35":12,"b:199:2:199:Infinity:undefined:undefined:undefined:undefined":34,"s:199:2:199:Infinity":71,"s:199:40:199:Infinity":72,"s:200:18:200:37":73,"b:201:2:201:37:undefined:undefined:undefined:undefined":35,"s:201:2:201:37":74,"b:201:6:201:14:201:18:201:23":36,"s:201:25:201:37":75,"s:202:2:202:Infinity":76,"f:209:16:209:32":13,"b:209:61:209:73":37,"b:210:2:210:Infinity:undefined:undefined:undefined:undefined":38,"s:210:2:210:Infinity":77,"b:210:6:210:28:210:32:210:51":39,"s:210:53:210:Infinity":78,"s:211:20:214:40":79,"f:212:12:212:13":14,"s:212:17:212:46":80,"f:213:9:213:10":15,"s:213:14:213:26":81,"f:214:12:214:13":16,"s:214:17:214:39":82,"b:214:17:214:27:214:31:214:39":40,"b:215:2:215:Infinity:undefined:undefined:undefined:undefined":41,"s:215:2:215:Infinity":83,"s:215:30:215:Infinity":84,"s:216:2:216:Infinity":85,"f:216:40:216:41":17,"s:216:45:216:53":86}}}
,"/home/ben/amulet-scan-port/server/lib/validate.js": {"path":"/home/ben/amulet-scan-port/server/lib/validate.js","statementMap":{"0":{"start":{"line":25,"column":2},"end":{"line":45,"column":null}},"1":{"start":{"line":26,"column":17},"end":{"line":26,"column":28}},"2":{"start":{"line":27,"column":19},"end":{"line":27,"column":41}},"3":{"start":{"line":29,"column":4},"end":{"line":40,"column":null}},"4":{"start":{"line":30,"column":21},"end":{"line":34,"column":9}},"5":{"start":{"line":30,"column":55},"end":{"line":34,"column":7}},"6":{"start":{"line":36,"column":6},"end":{"line":39,"column":null}},"7":{"start":{"line":43,"column":4},"end":{"line":43,"column":null}},"8":{"start":{"line":44,"column":4},"end":{"line":44,"column":null}},"9":{"start":{"line":61,"column":2},"end":{"line":90,"column":null}},"10":{"start":{"line":62,"column":19},"end":{"line":62,"column":21}},"11":{"start":{"line":63,"column":22},"end":{"line":63,"column":24}},"12":{"start":{"line":65,"column":4},"end":{"line":79,"column":null}},"13":{"start":{"line":66,"column":19},"end":{"line":66,"column":30}},"14":{"start":{"line":67,"column":21},"end":{"line":67,"column":43}},"15":{"start":{"line":69,"column":6},"end":{"line":78,"column":null}},"16":{"start":{"line":70,"column":8},"end":{"line":75,"column":null}},"17":{"start":{"line":70,"column":57},"end":{"line":75,"column":9}},"18":{"start":{"line":77,"column":8},"end":{"line":77,"column":null}},"19":{"start":{"line":81,"column":4},"end":{"line":86,"column":null}},"20":{"start":{"line":82,"column":6},"end":{"line":85,"column":null}},"21":{"start":{"line":88,"column":4},"end":{"line":88,"column":null}},"22":{"start":{"line":89,"column":4},"end":{"line":89,"column":null}},"23":{"start":{"line":101,"column":17},"end":{"line":101,"column":39}},"24":{"start":{"line":103,"column":2},"end":{"line":112,"column":null}},"25":{"start":{"line":104,"column":4},"end":{"line":111,"column":null}},"26":{"start":{"line":106,"column":48},"end":{"line":110,"column":7}},"27":{"start":{"line":114,"column":2},"end":{"line":117,"column":null}}},"fnMap":{"0":{"name":"validate","decl":{"start":{"line":24,"column":16},"end":{"line":24,"column":24}},"loc":{"start":{"line":24,"column":51},"end":{"line":46,"column":null}},"line":24},"1":{"name":"(anonymous_1)","decl":{"start":{"line":25,"column":9},"end":{"line":25,"column":10}},"loc":{"start":{"line":25,"column":29},"end":{"line":45,"column":3}},"line":25},"2":{"name":"(anonymous_2)","decl":{"start":{"line":30,"column":45},"end":{"line":30,"column":50}},"loc":{"start":{"line":30,"column":55},"end":{"line":34,"column":7}},"line":30},"3":{"name":"validateAll","decl":{"start":{"line":60,"column":16},"end":{"line":60,"column":27}},"loc":{"start":{"line":60,"column":37},"end":{"line":91,"column":null}},"line":60},"4":{"name":"(anonymous_4)","decl":{"start":{"line":61,"column":9},"end":{"line":61,"column":10}},"loc":{"start":{"line":61,"column":29},"end":{"line":90,"column":3}},"line":61},"5":{"name":"(anonymous_5)","decl":{"start":{"line":70,"column":47},"end":{"line":70,"column":52}},"loc":{"start":{"line":70,"column":57},"end":{"line":75,"column":9}},"line":70},"6":{"name":"parseData","decl":{"start":{"line":100,"column":16},"end":{"line":100,"column":25}},"loc":{"start":{"line":100,"column":40},"end":{"line":118,"column":null}},"line":100},"7":{"name":"(anonymous_7)","decl":{"start":{"line":106,"column":38},"end":{"line":106,"column":43}},"loc":{"start":{"line":106,"column":48},"end":{"line":110,"column":7}},"line":106}},"branchMap":{"0":{"loc":{"start":{"line":24,"column":33},"end":{"line":24,"column":49}},"type":"default-arg","locations":[{"start":{"line":24,"column":42},"end":{"line":24,"column":49}}],"line":24},"1":{"loc":{"start":{"line":29,"column":4},"end":{"line":40,"column":null}},"type":"if","locations":[{"start":{"line":29,"column":4},"end":{"line":40,"column":null}},{"start":{},"end":{}}],"line":29},"2":{"loc":{"start":{"line":69,"column":6},"end":{"line":78,"column":null}},"type":"if","locations":[{"start":{"line":69,"column":6},"end":{"line":78,"column":null}},{"start":{"line":76,"column":13},"end":{"line":78,"column":null}}],"line":69},"3":{"loc":{"start":{"line":81,"column":4},"end":{"line":86,"column":null}},"type":"if","locations":[{"start":{"line":81,"column":4},"end":{"line":86,"column":null}},{"start":{},"end":{}}],"line":81},"4":{"loc":{"start":{"line":103,"column":2},"end":{"line":112,"column":null}},"type":"if","locations":[{"start":{"line":103,"column":2},"end":{"line":112,"column":null}},{"start":{},"end":{}}],"line":103}},"s":{"0":6,"1":6,"2":6,"3":6,"4":3,"5":6,"6":3,"7":3,"8":3,"9":3,"10":3,"11":3,"12":3,"13":6,"14":6,"15":6,"16":3,"17":3,"18":3,"19":3,"20":2,"21":1,"22":1,"23":4,"24":4,"25":3,"26":4,"27":1},"f":{"0":6,"1":6,"2":6,"3":3,"4":3,"5":3,"6":4,"7":4},"b":{"0":[6],"1":[3,3],"2":[3,3],"3":[2,1],"4":[3,1]},"meta":{"lastBranch":5,"lastFunction":8,"lastStatement":28,"seen":{"f:24:16:24:24":0,"b:24:42:24:49":0,"s:25:2:45:Infinity":0,"f:25:9:25:10":1,"s:26:17:26:28":1,"s:27:19:27:41":2,"b:29:4:40:Infinity:undefined:undefined:undefined:undefined":1,"s:29:4:40:Infinity":3,"s:30:21:34:9":4,"f:30:45:30:50":2,"s:30:55:34:7":5,"s:36:6:39:Infinity":6,"s:43:4:43:Infinity":7,"s:44:4:44:Infinity":8,"f:60:16:60:27":3,"s:61:2:90:Infinity":9,"f:61:9:61:10":4,"s:62:19:62:21":10,"s:63:22:63:24":11,"s:65:4:79:Infinity":12,"s:66:19:66:30":13,"s:67:21:67:43":14,"b:69:6:78:Infinity:76:13:78:Infinity":2,"s:69:6:78:Infinity":15,"s:70:8:75:Infinity":16,"f:70:47:70:52":5,"s:70:57:75:9":17,"s:77:8:77:Infinity":18,"b:81:4:86:Infinity:undefined:undefined:undefined:undefined":3,"s:81:4:86:Infinity":19,"s:82:6:85:Infinity":20,"s:88:4:88:Infinity":21,"s:89:4:89:Infinity":22,"f:100:16:100:25":6,"s:101:17:101:39":23,"b:103:2:112:Infinity:undefined:undefined:undefined:undefined":4,"s:103:2:112:Infinity":24,"s:104:4:111:Infinity":25,"f:106:38:106:43":7,"s:106:48:110:7":26,"s:114:2:117:Infinity":27}}}
,"/home/ben/amulet-scan-port/server/lib/validation-schemas.js": {"path":"/home/ben/amulet-scan-port/server/lib/validation-schemas.js","statementMap":{"0":{"start":{"line":13,"column":32},"end":{"line":16,"column":2}},"1":{"start":{"line":21,"column":32},"end":{"line":26,"column":2}},"2":{"start":{"line":31,"column":33},"end":{"line":38,"column":2}},"3":{"start":{"line":44,"column":32},"end":{"line":50,"column":3}},"4":{"start":{"line":55,"column":37},"end":{"line":57,"column":2}},"5":{"start":{"line":62,"column":31},"end":{"line":69,"column":32}},"6":{"start":{"line":65,"column":23},"end":{"line":65,"column":96}},"7":{"start":{"line":66,"column":4},"end":{"line":66,"column":null}},"8":{"start":{"line":66,"column":31},"end":{"line":66,"column":null}},"9":{"start":{"line":67,"column":19},"end":{"line":67,"column":34}},"10":{"start":{"line":68,"column":4},"end":{"line":68,"column":null}},"11":{"start":{"line":74,"column":31},"end":{"line":82,"column":40}},"12":{"start":{"line":78,"column":2},"end":{"line":80,"column":null}},"13":{"start":{"line":79,"column":4},"end":{"line":79,"column":null}},"14":{"start":{"line":81,"column":2},"end":{"line":81,"column":null}},"15":{"start":{"line":87,"column":32},"end":{"line":90,"column":54}},"16":{"start":{"line":95,"column":29},"end":{"line":98,"column":51}},"17":{"start":{"line":103,"column":32},"end":{"line":107,"column":2}},"18":{"start":{"line":112,"column":37},"end":{"line":115,"column":2}},"19":{"start":{"line":120,"column":36},"end":{"line":123,"column":2}},"20":{"start":{"line":128,"column":30},"end":{"line":131,"column":2}}},"fnMap":{"0":{"name":"(anonymous_0)","decl":{"start":{"line":64,"column":10},"end":{"line":64,"column":11}},"loc":{"start":{"line":64,"column":19},"end":{"line":69,"column":3}},"line":64},"1":{"name":"(anonymous_1)","decl":{"start":{"line":77,"column":10},"end":{"line":77,"column":11}},"loc":{"start":{"line":77,"column":20},"end":{"line":82,"column":1}},"line":77}},"branchMap":{"0":{"loc":{"start":{"line":66,"column":4},"end":{"line":66,"column":null}},"type":"if","locations":[{"start":{"line":66,"column":4},"end":{"line":66,"column":null}},{"start":{},"end":{}}],"line":66},"1":{"loc":{"start":{"line":78,"column":2},"end":{"line":80,"column":null}},"type":"if","locations":[{"start":{"line":78,"column":2},"end":{"line":80,"column":null}},{"start":{},"end":{}}],"line":78},"2":{"loc":{"start":{"line":78,"column":6},"end":{"line":78,"column":28}},"type":"binary-expr","locations":[{"start":{"line":78,"column":6},"end":{"line":78,"column":16}},{"start":{"line":78,"column":20},"end":{"line":78,"column":28}}],"line":78}},"s":{"0":1,"1":1,"2":1,"3":1,"4":1,"5":1,"6":13,"7":13,"8":2,"9":11,"10":11,"11":1,"12":5,"13":2,"14":3,"15":1,"16":1,"17":1,"18":1,"19":1,"20":1},"f":{"0":13,"1":5},"b":{"0":[2,11],"1":[2,3],"2":[5,3]},"meta":{"lastBranch":3,"lastFunction":2,"lastStatement":21,"seen":{"s:13:32:16:2":0,"s:21:32:26:2":1,"s:31:33:38:2":2,"s:44:32:50:3":3,"s:55:37:57:2":4,"s:62:31:69:32":5,"f:64:10:64:11":0,"s:65:23:65:96":6,"b:66:4:66:Infinity:undefined:undefined:undefined:undefined":0,"s:66:4:66:Infinity":7,"s:66:31:66:Infinity":8,"s:67:19:67:34":9,"s:68:4:68:Infinity":10,"s:74:31:82:40":11,"f:77:10:77:11":1,"b:78:2:80:Infinity:undefined:undefined:undefined:undefined":1,"s:78:2:80:Infinity":12,"b:78:6:78:16:78:20:78:28":2,"s:79:4:79:Infinity":13,"s:81:2:81:Infinity":14,"s:87:32:90:54":15,"s:95:29:98:51":16,"s:103:32:107:2":17,"s:112:37:115:2":18,"s:120:36:123:2":19,"s:128:30:131:2":20}}}
,"/home/ben/amulet-scan-port/src/lib/amount-utils.ts": {"path":"/home/ben/amulet-scan-port/src/lib/amount-utils.ts","statementMap":{"0":{"start":{"line":5,"column":27},"end":{"line":5,"column":null}},"1":{"start":{"line":6,"column":26},"end":{"line":6,"column":null}},"2":{"start":{"line":12,"column":17},"end":{"line":12,"column":null}},"3":{"start":{"line":13,"column":2},"end":{"line":13,"column":null}},"4":{"start":{"line":13,"column":21},"end":{"line":13,"column":null}},"5":{"start":{"line":14,"column":2},"end":{"line":14,"column":null}},"6":{"start":{"line":22,"column":2},"end":{"line":22,"column":null}},"7":{"start":{"line":22,"column":12},"end":{"line":22,"column":null}},"8":{"start":{"line":25,"column":16},"end":{"line":32,"column":null}},"9":{"start":{"line":34,"column":2},"end":{"line":41,"column":null}},"10":{"start":{"line":35,"column":4},"end":{"line":40,"column":null}},"11":{"start":{"line":36,"column":21},"end":{"line":36,"column":null}},"12":{"start":{"line":37,"column":6},"end":{"line":39,"column":null}},"13":{"start":{"line":38,"column":8},"end":{"line":38,"column":null}},"14":{"start":{"line":43,"column":2},"end":{"line":43,"column":null}},"15":{"start":{"line":50,"column":2},"end":{"line":50,"column":null}},"16":{"start":{"line":58,"column":2},"end":{"line":58,"column":null}},"17":{"start":{"line":58,"column":12},"end":{"line":58,"column":null}},"18":{"start":{"line":61,"column":2},"end":{"line":64,"column":null}},"19":{"start":{"line":62,"column":19},"end":{"line":62,"column":null}},"20":{"start":{"line":63,"column":4},"end":{"line":63,"column":null}},"21":{"start":{"line":63,"column":24},"end":{"line":63,"column":null}},"22":{"start":{"line":67,"column":2},"end":{"line":67,"column":null}}},"fnMap":{"0":{"name":"toCC","decl":{"start":{"line":11,"column":16},"end":{"line":11,"column":21}},"loc":{"start":{"line":11,"column":57},"end":{"line":15,"column":null}},"line":11},"1":{"name":"pickAmount","decl":{"start":{"line":21,"column":16},"end":{"line":21,"column":27}},"loc":{"start":{"line":21,"column":45},"end":{"line":44,"column":null}},"line":21},"2":{"name":"pickAmountAsCC","decl":{"start":{"line":49,"column":16},"end":{"line":49,"column":31}},"loc":{"start":{"line":49,"column":49},"end":{"line":51,"column":null}},"line":49},"3":{"name":"pickLockedAmount","decl":{"start":{"line":57,"column":16},"end":{"line":57,"column":33}},"loc":{"start":{"line":57,"column":51},"end":{"line":68,"column":null}},"line":57}},"branchMap":{"0":{"loc":{"start":{"line":12,"column":17},"end":{"line":12,"column":null}},"type":"cond-expr","locations":[{"start":{"line":12,"column":49},"end":{"line":12,"column":73}},{"start":{"line":12,"column":73},"end":{"line":12,"column":null}}],"line":12},"1":{"loc":{"start":{"line":13,"column":2},"end":{"line":13,"column":null}},"type":"if","locations":[{"start":{"line":13,"column":2},"end":{"line":13,"column":null}},{"start":{},"end":{}}],"line":13},"2":{"loc":{"start":{"line":22,"column":2},"end":{"line":22,"column":null}},"type":"if","locations":[{"start":{"line":22,"column":2},"end":{"line":22,"column":null}},{"start":{},"end":{}}],"line":22},"3":{"loc":{"start":{"line":35,"column":4},"end":{"line":40,"column":null}},"type":"if","locations":[{"start":{"line":35,"column":4},"end":{"line":40,"column":null}},{"start":{},"end":{}}],"line":35},"4":{"loc":{"start":{"line":35,"column":8},"end":{"line":35,"column":47}},"type":"binary-expr","locations":[{"start":{"line":35,"column":8},"end":{"line":35,"column":31}},{"start":{"line":35,"column":31},"end":{"line":35,"column":47}}],"line":35},"5":{"loc":{"start":{"line":36,"column":21},"end":{"line":36,"column":null}},"type":"cond-expr","locations":[{"start":{"line":36,"column":49},"end":{"line":36,"column":69}},{"start":{"line":36,"column":69},"end":{"line":36,"column":null}}],"line":36},"6":{"loc":{"start":{"line":37,"column":6},"end":{"line":39,"column":null}},"type":"if","locations":[{"start":{"line":37,"column":6},"end":{"line":39,"column":null}},{"start":{},"end":{}}],"line":37},"7":{"loc":{"start":{"line":58,"column":2},"end":{"line":58,"column":null}},"type":"if","locations":[{"start":{"line":58,"column":2},"end":{"line":58,"column":null}},{"start":{},"end":{}}],"line":58},"8":{"loc":{"start":{"line":61,"column":2},"end":{"line":64,"column":null}},"type":"if","locations":[{"start":{"line":61,"column":2},"end":{"line":64,"column":null}},{"start":{},"end":{}}],"line":61},"9":{"loc":{"start":{"line":63,"column":4},"end":{"line":63,"column":null}},"type":"if","locations":[{"start":{"line":63,"column":4},"end":{"line":63,"column":null}},{"start":{},"end":{}}],"line":63}},"s":{"0":1,"1":1,"2":15,"3":15,"4":2,"5":13,"6":20,"7":3,"8":17,"9":20,"10":61,"11":13,"12":13,"13":13,"14":4,"15":4,"16":5,"17":1,"18":4,"19":1,"20":1,"21":1,"22":3},"f":{"0":15,"1":20,"2":4,"3":5},"b":{"0":[4,11],"1":[2,13],"2":[3,17],"3":[13,48],"4":[61,13],"5":[11,2],"6":[13,0],"7":[1,4],"8":[1,3],"9":[1,0]},"meta":{"lastBranch":10,"lastFunction":4,"lastStatement":23,"seen":{"s:5:27:5:Infinity":0,"s:6:26:6:Infinity":1,"f:11:16:11:21":0,"s:12:17:12:Infinity":2,"b:12:49:12:73:12:73:12:Infinity":0,"b:13:2:13:Infinity:undefined:undefined:undefined:undefined":1,"s:13:2:13:Infinity":3,"s:13:21:13:Infinity":4,"s:14:2:14:Infinity":5,"f:21:16:21:27":1,"b:22:2:22:Infinity:undefined:undefined:undefined:undefined":2,"s:22:2:22:Infinity":6,"s:22:12:22:Infinity":7,"s:25:16:32:Infinity":8,"s:34:2:41:Infinity":9,"b:35:4:40:Infinity:undefined:undefined:undefined:undefined":3,"s:35:4:40:Infinity":10,"b:35:8:35:31:35:31:35:47":4,"s:36:21:36:Infinity":11,"b:36:49:36:69:36:69:36:Infinity":5,"b:37:6:39:Infinity:undefined:undefined:undefined:undefined":6,"s:37:6:39:Infinity":12,"s:38:8:38:Infinity":13,"s:43:2:43:Infinity":14,"f:49:16:49:31":2,"s:50:2:50:Infinity":15,"f:57:16:57:33":3,"b:58:2:58:Infinity:undefined:undefined:undefined:undefined":7,"s:58:2:58:Infinity":16,"s:58:12:58:Infinity":17,"b:61:2:64:Infinity:undefined:undefined:undefined:undefined":8,"s:61:2:64:Infinity":18,"s:62:19:62:Infinity":19,"b:63:4:63:Infinity:undefined:undefined:undefined:undefined":9,"s:63:4:63:Infinity":20,"s:63:24:63:Infinity":21,"s:67:2:67:Infinity":22}}}
,"/home/ben/amulet-scan-port/src/lib/utils.ts": {"path":"/home/ben/amulet-scan-port/src/lib/utils.ts","statementMap":{"0":{"start":{"line":5,"column":2},"end":{"line":5,"column":null}}},"fnMap":{"0":{"name":"cn","decl":{"start":{"line":4,"column":16},"end":{"line":4,"column":22}},"loc":{"start":{"line":4,"column":44},"end":{"line":6,"column":null}},"line":4}},"branchMap":{},"s":{"0":1457},"f":{"0":1457},"b":{},"meta":{"lastBranch":0,"lastFunction":1,"lastStatement":1,"seen":{"f:4:16:4:22":0,"s:5:2:5:Infinity":0}}}
}
