{"total": {"lines":{"total":747,"covered":699,"skipped":0,"pct":93.57},"statements":{"total":838,"covered":773,"skipped":0,"pct":92.24},"functions":{"total":148,"covered":140,"skipped":0,"pct":94.59},"branches":{"total":882,"covered":791,"skipped":0,"pct":89.68},"branchesTrue":{"total":0,"covered":0,"skipped":0,"pct":100}}
,"/home/ben/amulet-scan-port/scripts/ingest/acs-schema.js": {"lines":{"total":103,"covered":102,"skipped":0,"pct":99.02},"functions":{"total":9,"covered":9,"skipped":0,"pct":100},"statements":{"total":114,"covered":112,"skipped":0,"pct":98.24},"branches":{"total":111,"covered":105,"skipped":0,"pct":94.59}}
,"/home/ben/amulet-scan-port/scripts/ingest/atomic-cursor.js": {"lines":{"total":145,"covered":135,"skipped":0,"pct":93.1},"functions":{"total":22,"covered":21,"skipped":0,"pct":95.45},"statements":{"total":152,"covered":142,"skipped":0,"pct":93.42},"branches":{"total":108,"covered":90,"skipped":0,"pct":83.33}}
,"/home/ben/amulet-scan-port/scripts/ingest/data-schema.js": {"lines":{"total":104,"covered":103,"skipped":0,"pct":99.03},"functions":{"total":10,"covered":10,"skipped":0,"pct":100},"statements":{"total":120,"covered":112,"skipped":0,"pct":93.33},"branches":{"total":211,"covered":199,"skipped":0,"pct":94.31}}
,"/home/ben/amulet-scan-port/scripts/ingest/encoding.js": {"lines":{"total":41,"covered":30,"skipped":0,"pct":73.17},"functions":{"total":8,"covered":6,"skipped":0,"pct":75},"statements":{"total":45,"covered":33,"skipped":0,"pct":73.33},"branches":{"total":183,"covered":169,"skipped":0,"pct":92.34}}
,"/home/ben/amulet-scan-port/scripts/ingest/path-utils.js": {"lines":{"total":49,"covered":44,"skipped":0,"pct":89.79},"functions":{"total":14,"covered":13,"skipped":0,"pct":92.85},"statements":{"total":53,"covered":48,"skipped":0,"pct":90.56},"branches":{"total":44,"covered":38,"skipped":0,"pct":86.36}}
,"/home/ben/amulet-scan-port/server/engine/aggregations.js": {"lines":{"total":51,"covered":41,"skipped":0,"pct":80.39},"functions":{"total":13,"covered":12,"skipped":0,"pct":92.3},"statements":{"total":56,"covered":44,"skipped":0,"pct":78.57},"branches":{"total":22,"covered":13,"skipped":0,"pct":59.09}}
,"/home/ben/amulet-scan-port/server/lib/crash-logger.js": {"lines":{"total":36,"covered":36,"skipped":0,"pct":100},"functions":{"total":11,"covered":10,"skipped":0,"pct":90.9},"statements":{"total":37,"covered":36,"skipped":0,"pct":97.29},"branches":{"total":12,"covered":12,"skipped":0,"pct":100}}
,"/home/ben/amulet-scan-port/server/lib/request-logger.js": {"lines":{"total":39,"covered":35,"skipped":0,"pct":89.74},"functions":{"total":13,"covered":13,"skipped":0,"pct":100},"statements":{"total":41,"covered":37,"skipped":0,"pct":90.24},"branches":{"total":54,"covered":37,"skipped":0,"pct":68.51}}
,"/home/ben/amulet-scan-port/server/lib/server-protection.js": {"lines":{"total":57,"covered":51,"skipped":0,"pct":89.47},"functions":{"total":15,"covered":13,"skipped":0,"pct":86.66},"statements":{"total":60,"covered":53,"skipped":0,"pct":88.33},"branches":{"total":25,"covered":23,"skipped":0,"pct":92}}
,"/home/ben/amulet-scan-port/server/lib/sql-sanitize.js": {"lines":{"total":56,"covered":56,"skipped":0,"pct":100},"functions":{"total":18,"covered":18,"skipped":0,"pct":100},"statements":{"total":87,"covered":83,"skipped":0,"pct":95.4},"branches":{"total":77,"covered":72,"skipped":0,"pct":93.5}}
,"/home/ben/amulet-scan-port/server/lib/validate.js": {"lines":{"total":26,"covered":26,"skipped":0,"pct":100},"functions":{"total":8,"covered":8,"skipped":0,"pct":100},"statements":{"total":28,"covered":28,"skipped":0,"pct":100},"branches":{"total":9,"covered":9,"skipped":0,"pct":100}}
,"/home/ben/amulet-scan-port/server/lib/validation-schemas.js": {"lines":{"total":20,"covered":20,"skipped":0,"pct":100},"functions":{"total":2,"covered":2,"skipped":0,"pct":100},"statements":{"total":21,"covered":21,"skipped":0,"pct":100},"branches":{"total":6,"covered":6,"skipped":0,"pct":100}}
,"/home/ben/amulet-scan-port/src/lib/amount-utils.ts": {"lines":{"total":19,"covered":19,"skipped":0,"pct":100},"functions":{"total":4,"covered":4,"skipped":0,"pct":100},"statements":{"total":23,"covered":23,"skipped":0,"pct":100},"branches":{"total":20,"covered":18,"skipped":0,"pct":90}}
,"/home/ben/amulet-scan-port/src/lib/utils.ts": {"lines":{"total":1,"covered":1,"skipped":0,"pct":100},"functions":{"total":1,"covered":1,"skipped":0,"pct":100},"statements":{"total":1,"covered":1,"skipped":0,"pct":100},"branches":{"total":0,"covered":0,"skipped":0,"pct":100}}
}
