{"total": {"lines":{"total":5063,"covered":429,"skipped":0,"pct":8.47},"statements":{"total":5464,"covered":474,"skipped":0,"pct":8.67},"functions":{"total":720,"covered":110,"skipped":0,"pct":15.27},"branches":{"total":3919,"covered":268,"skipped":0,"pct":6.83},"branchesTrue":{"total":0,"covered":0,"skipped":0,"pct":100}}
,"/home/ben/amulet-scan-port/server/api/acs.js": {"lines":{"total":767,"covered":0,"skipped":0,"pct":0},"functions":{"total":95,"covered":0,"skipped":0,"pct":0},"statements":{"total":813,"covered":0,"skipped":0,"pct":0},"branches":{"total":449,"covered":0,"skipped":0,"pct":0}}
,"/home/ben/amulet-scan-port/server/api/announcements.js": {"lines":{"total":72,"covered":0,"skipped":0,"pct":0},"functions":{"total":8,"covered":0,"skipped":0,"pct":0},"statements":{"total":76,"covered":0,"skipped":0,"pct":0},"branches":{"total":56,"covered":0,"skipped":0,"pct":0}}
,"/home/ben/amulet-scan-port/server/api/backfill.js": {"lines":{"total":368,"covered":0,"skipped":0,"pct":0},"functions":{"total":32,"covered":0,"skipped":0,"pct":0},"statements":{"total":381,"covered":0,"skipped":0,"pct":0},"branches":{"total":290,"covered":0,"skipped":0,"pct":0}}
,"/home/ben/amulet-scan-port/server/api/contracts.js": {"lines":{"total":27,"covered":0,"skipped":0,"pct":0},"functions":{"total":4,"covered":0,"skipped":0,"pct":0},"statements":{"total":27,"covered":0,"skipped":0,"pct":0},"branches":{"total":4,"covered":0,"skipped":0,"pct":0}}
,"/home/ben/amulet-scan-port/server/api/events.js": {"lines":{"total":204,"covered":0,"skipped":0,"pct":0},"functions":{"total":21,"covered":0,"skipped":0,"pct":0},"statements":{"total":220,"covered":0,"skipped":0,"pct":0},"branches":{"total":96,"covered":0,"skipped":0,"pct":0}}
,"/home/ben/amulet-scan-port/server/api/governance-lifecycle.js": {"lines":{"total":1819,"covered":0,"skipped":0,"pct":0},"functions":{"total":279,"covered":0,"skipped":0,"pct":0},"statements":{"total":1972,"covered":0,"skipped":0,"pct":0},"branches":{"total":1805,"covered":0,"skipped":0,"pct":0}}
,"/home/ben/amulet-scan-port/server/api/kaiko.js": {"lines":{"total":90,"covered":0,"skipped":0,"pct":0},"functions":{"total":15,"covered":0,"skipped":0,"pct":0},"statements":{"total":99,"covered":0,"skipped":0,"pct":0},"branches":{"total":86,"covered":0,"skipped":0,"pct":0}}
,"/home/ben/amulet-scan-port/server/api/party.js": {"lines":{"total":71,"covered":0,"skipped":0,"pct":0},"functions":{"total":9,"covered":0,"skipped":0,"pct":0},"statements":{"total":76,"covered":0,"skipped":0,"pct":0},"branches":{"total":19,"covered":0,"skipped":0,"pct":0}}
,"/home/ben/amulet-scan-port/server/api/rewards.js": {"lines":{"total":92,"covered":0,"skipped":0,"pct":0},"functions":{"total":7,"covered":0,"skipped":0,"pct":0},"statements":{"total":97,"covered":0,"skipped":0,"pct":0},"branches":{"total":66,"covered":0,"skipped":0,"pct":0}}
,"/home/ben/amulet-scan-port/server/api/search.js": {"lines":{"total":54,"covered":0,"skipped":0,"pct":0},"functions":{"total":3,"covered":0,"skipped":0,"pct":0},"statements":{"total":56,"covered":0,"skipped":0,"pct":0},"branches":{"total":38,"covered":0,"skipped":0,"pct":0}}
,"/home/ben/amulet-scan-port/server/api/stats.js": {"lines":{"total":250,"covered":0,"skipped":0,"pct":0},"functions":{"total":26,"covered":0,"skipped":0,"pct":0},"statements":{"total":266,"covered":0,"skipped":0,"pct":0},"branches":{"total":147,"covered":0,"skipped":0,"pct":0}}
,"/home/ben/amulet-scan-port/server/api/updates.js": {"lines":{"total":55,"covered":0,"skipped":0,"pct":0},"functions":{"total":6,"covered":0,"skipped":0,"pct":0},"statements":{"total":61,"covered":0,"skipped":0,"pct":0},"branches":{"total":34,"covered":0,"skipped":0,"pct":0}}
,"/home/ben/amulet-scan-port/server/duckdb/connection.js": {"lines":{"total":331,"covered":164,"skipped":0,"pct":49.54},"functions":{"total":63,"covered":34,"skipped":0,"pct":53.96},"statements":{"total":366,"covered":172,"skipped":0,"pct":46.99},"branches":{"total":232,"covered":96,"skipped":0,"pct":41.37}}
,"/home/ben/amulet-scan-port/server/engine/aggregations.js": {"lines":{"total":51,"covered":41,"skipped":0,"pct":80.39},"functions":{"total":13,"covered":12,"skipped":0,"pct":92.3},"statements":{"total":56,"covered":44,"skipped":0,"pct":78.57},"branches":{"total":22,"covered":13,"skipped":0,"pct":59.09}}
,"/home/ben/amulet-scan-port/server/engine/api.js": {"lines":{"total":98,"covered":0,"skipped":0,"pct":0},"functions":{"total":13,"covered":0,"skipped":0,"pct":0},"statements":{"total":101,"covered":0,"skipped":0,"pct":0},"branches":{"total":42,"covered":0,"skipped":0,"pct":0}}
,"/home/ben/amulet-scan-port/server/engine/decoder.js": {"lines":{"total":54,"covered":0,"skipped":0,"pct":0},"functions":{"total":8,"covered":0,"skipped":0,"pct":0},"statements":{"total":61,"covered":0,"skipped":0,"pct":0},"branches":{"total":132,"covered":0,"skipped":0,"pct":0}}
,"/home/ben/amulet-scan-port/server/engine/file-index.js": {"lines":{"total":58,"covered":0,"skipped":0,"pct":0},"functions":{"total":9,"covered":0,"skipped":0,"pct":0},"statements":{"total":66,"covered":0,"skipped":0,"pct":0},"branches":{"total":35,"covered":0,"skipped":0,"pct":0}}
,"/home/ben/amulet-scan-port/server/engine/gap-detector.js": {"lines":{"total":133,"covered":0,"skipped":0,"pct":0},"functions":{"total":12,"covered":0,"skipped":0,"pct":0},"statements":{"total":145,"covered":0,"skipped":0,"pct":0},"branches":{"total":79,"covered":0,"skipped":0,"pct":0}}
,"/home/ben/amulet-scan-port/server/engine/index.js": {"lines":{"total":0,"covered":0,"skipped":0,"pct":100},"functions":{"total":0,"covered":0,"skipped":0,"pct":100},"statements":{"total":0,"covered":0,"skipped":0,"pct":100},"branches":{"total":0,"covered":0,"skipped":0,"pct":100}}
,"/home/ben/amulet-scan-port/server/engine/ingest.js": {"lines":{"total":99,"covered":0,"skipped":0,"pct":0},"functions":{"total":14,"covered":0,"skipped":0,"pct":0},"statements":{"total":110,"covered":0,"skipped":0,"pct":0},"branches":{"total":71,"covered":0,"skipped":0,"pct":0}}
,"/home/ben/amulet-scan-port/server/engine/schema.js": {"lines":{"total":80,"covered":0,"skipped":0,"pct":0},"functions":{"total":7,"covered":0,"skipped":0,"pct":0},"statements":{"total":83,"covered":0,"skipped":0,"pct":0},"branches":{"total":12,"covered":0,"skipped":0,"pct":0}}
,"/home/ben/amulet-scan-port/server/engine/worker.js": {"lines":{"total":56,"covered":0,"skipped":0,"pct":0},"functions":{"total":9,"covered":0,"skipped":0,"pct":0},"statements":{"total":58,"covered":0,"skipped":0,"pct":0},"branches":{"total":21,"covered":0,"skipped":0,"pct":0}}
,"/home/ben/amulet-scan-port/server/lib/crash-logger.js": {"lines":{"total":36,"covered":36,"skipped":0,"pct":100},"functions":{"total":11,"covered":10,"skipped":0,"pct":90.9},"statements":{"total":37,"covered":36,"skipped":0,"pct":97.29},"branches":{"total":12,"covered":12,"skipped":0,"pct":100}}
,"/home/ben/amulet-scan-port/server/lib/request-logger.js": {"lines":{"total":39,"covered":35,"skipped":0,"pct":89.74},"functions":{"total":13,"covered":13,"skipped":0,"pct":100},"statements":{"total":41,"covered":37,"skipped":0,"pct":90.24},"branches":{"total":54,"covered":37,"skipped":0,"pct":68.51}}
,"/home/ben/amulet-scan-port/server/lib/server-protection.js": {"lines":{"total":57,"covered":51,"skipped":0,"pct":89.47},"functions":{"total":15,"covered":13,"skipped":0,"pct":86.66},"statements":{"total":60,"covered":53,"skipped":0,"pct":88.33},"branches":{"total":25,"covered":23,"skipped":0,"pct":92}}
,"/home/ben/amulet-scan-port/server/lib/sql-sanitize.js": {"lines":{"total":56,"covered":56,"skipped":0,"pct":100},"functions":{"total":18,"covered":18,"skipped":0,"pct":100},"statements":{"total":87,"covered":83,"skipped":0,"pct":95.4},"branches":{"total":77,"covered":72,"skipped":0,"pct":93.5}}
,"/home/ben/amulet-scan-port/server/lib/validate.js": {"lines":{"total":26,"covered":26,"skipped":0,"pct":100},"functions":{"total":8,"covered":8,"skipped":0,"pct":100},"statements":{"total":28,"covered":28,"skipped":0,"pct":100},"branches":{"total":9,"covered":9,"skipped":0,"pct":100}}
,"/home/ben/amulet-scan-port/server/lib/validation-schemas.js": {"lines":{"total":20,"covered":20,"skipped":0,"pct":100},"functions":{"total":2,"covered":2,"skipped":0,"pct":100},"statements":{"total":21,"covered":21,"skipped":0,"pct":100},"branches":{"total":6,"covered":6,"skipped":0,"pct":100}}
}
