TN:
SF:scripts/ingest/acs-schema.js
FN:134,parseTemplateId
FN:161,normalizeTemplateKey
FN:175,detectTemplateFormat
FN:194,(anonymous_3)
FN:214,normalizeACSContract
FN:271,isTemplate
FN:288,validateContractFields
FN:315,validateTemplates
FN:407,getACSPartitionPath
FNF:9
FNH:9
FNDA:96,parseTemplateId
FNDA:15,normalizeTemplateKey
FNDA:16,detectTemplateFormat
FNDA:4,(anonymous_3)
FNDA:55,normalizeACSContract
FNDA:21,isTemplate
FNDA:5,validateContractFields
FNDA:5,validateTemplates
FNDA:24,getACSPartitionPath
DA:11,5
DA:79,5
DA:95,5
DA:112,5
DA:120,5
DA:135,96
DA:138,94
DA:139,94
DA:142,96
DA:144,4
DA:147,90
DA:150,94
DA:151,96
DA:152,96
DA:154,96
DA:162,15
DA:164,14
DA:165,14
DA:168,14
DA:169,14
DA:176,16
DA:178,14
DA:179,16
DA:180,16
DA:182,16
DA:183,4
DA:184,3
DA:185,1
DA:187,0
DA:195,4
DA:196,4
DA:197,4
DA:215,55
DA:217,55
DA:218,55
DA:220,55
DA:223,55
DA:224,5
DA:226,5
DA:227,5
DA:229,5
DA:230,5
DA:238,5
DA:241,5
DA:242,4
DA:244,1
DA:249,51
DA:272,21
DA:273,21
DA:275,19
DA:278,19
DA:279,21
DA:281,21
DA:289,5
DA:290,5
DA:292,5
DA:293,20
DA:294,20
DA:295,5
DA:299,5
DA:300,20
DA:301,20
DA:303,20
DA:304,11
DA:308,5
DA:316,5
DA:324,5
DA:327,5
DA:328,10
DA:329,10
DA:331,10
DA:332,10
DA:334,10
DA:335,10
DA:336,10
DA:339,10
DA:340,5
DA:342,10
DA:346,5
DA:347,200
DA:349,200
DA:350,8
DA:357,192
DA:358,5
DA:363,5
DA:365,187
DA:374,5
DA:375,10
DA:376,2
DA:386,5
DA:387,5
DA:388,1
DA:391,5
DA:408,24
DA:409,24
DA:410,24
DA:411,24
DA:412,24
DA:413,24
DA:414,24
DA:418,24
DA:421,24
DA:422,24
LF:103
LH:102
BRDA:135,0,0,2
BRDA:135,0,1,94
BRDA:139,1,0,94
BRDA:139,1,1,5
BRDA:142,2,0,4
BRDA:142,2,1,90
BRDA:150,3,0,94
BRDA:150,3,1,0
BRDA:151,4,0,96
BRDA:151,4,1,6
BRDA:152,5,0,96
BRDA:152,5,1,15
BRDA:152,6,0,4
BRDA:152,6,1,90
BRDA:162,7,0,1
BRDA:162,7,1,14
BRDA:165,8,0,0
BRDA:165,8,1,14
BRDA:165,9,0,14
BRDA:165,9,1,14
BRDA:176,10,0,2
BRDA:176,10,1,14
BRDA:178,11,0,14
BRDA:178,11,1,2
BRDA:179,12,0,16
BRDA:179,12,1,12
BRDA:180,13,0,16
BRDA:180,13,1,3
BRDA:182,14,0,10
BRDA:182,14,1,6
BRDA:182,15,0,16
BRDA:182,15,1,11
BRDA:183,16,0,1
BRDA:183,16,1,3
BRDA:183,17,0,4
BRDA:183,17,1,1
BRDA:184,18,0,2
BRDA:184,18,1,1
BRDA:184,19,0,3
BRDA:184,19,1,2
BRDA:185,20,0,1
BRDA:185,20,1,0
BRDA:194,21,0,4
BRDA:214,22,0,55
BRDA:215,23,0,55
BRDA:215,24,0,55
BRDA:217,25,0,55
BRDA:217,25,1,6
BRDA:220,26,0,55
BRDA:220,26,1,7
BRDA:223,27,0,5
BRDA:223,27,1,50
BRDA:226,28,0,3
BRDA:226,28,1,2
BRDA:227,29,0,4
BRDA:227,29,1,1
BRDA:227,30,0,5
BRDA:227,30,1,1
BRDA:229,31,0,5
BRDA:229,31,1,0
BRDA:232,32,0,5
BRDA:232,32,1,4
BRDA:241,33,0,4
BRDA:241,33,1,1
BRDA:252,34,0,51
BRDA:252,34,1,9
BRDA:257,35,0,50
BRDA:257,35,1,1
BRDA:258,36,0,41
BRDA:258,36,1,10
BRDA:259,37,0,42
BRDA:259,37,1,9
BRDA:260,38,0,55
BRDA:260,38,1,10
BRDA:261,39,0,55
BRDA:261,39,1,10
BRDA:262,40,0,41
BRDA:262,40,1,10
BRDA:273,41,0,2
BRDA:273,41,1,19
BRDA:278,42,0,19
BRDA:278,42,1,0
BRDA:281,43,0,21
BRDA:281,43,1,13
BRDA:294,44,0,5
BRDA:294,44,1,15
BRDA:294,45,0,20
BRDA:294,45,1,18
BRDA:294,45,2,15
BRDA:301,46,0,20
BRDA:301,46,1,18
BRDA:301,46,2,11
BRDA:301,46,3,11
BRDA:301,46,4,4
BRDA:303,47,0,11
BRDA:303,47,1,9
BRDA:331,48,0,10
BRDA:331,48,1,0
BRDA:339,49,0,5
BRDA:339,49,1,5
BRDA:349,50,0,8
BRDA:349,50,1,192
BRDA:357,51,0,5
BRDA:357,51,1,187
BRDA:375,52,0,2
BRDA:375,52,1,8
BRDA:387,53,0,1
BRDA:387,53,1,4
BRDA:407,54,0,24
BRDA:421,55,0,24
BRDA:421,55,1,4
BRF:111
BRH:105
end_of_record
TN:
SF:scripts/ingest/atomic-cursor.js
FN:29,sanitize
FN:36,getCursorPath
FN:52,atomicWriteFile
FN:98,readCursorSafe
FN:138,(anonymous_4)
FN:174,(anonymous_5)
FN:225,(anonymous_6)
FN:249,(anonymous_7)
FN:264,(anonymous_8)
FN:285,(anonymous_9)
FN:306,(anonymous_10)
FN:334,(anonymous_11)
FN:362,(anonymous_12)
FN:380,(anonymous_13)
FN:396,(anonymous_14)
FN:417,(anonymous_15)
FN:425,(anonymous_16)
FN:464,(anonymous_17)
FN:508,(anonymous_18)
FN:523,(anonymous_19)
FN:559,loadCursorLegacy
FN:567,isCursorComplete
FNF:22
FNH:17
FNDA:24,sanitize
FNDA:24,getCursorPath
FNDA:33,atomicWriteFile
FNDA:7,readCursorSafe
FNDA:24,(anonymous_4)
FNDA:7,(anonymous_5)
FNDA:2,(anonymous_6)
FNDA:0,(anonymous_7)
FNDA:16,(anonymous_8)
FNDA:1,(anonymous_9)
FNDA:11,(anonymous_10)
FNDA:1,(anonymous_11)
FNDA:4,(anonymous_12)
FNDA:2,(anonymous_13)
FNDA:2,(anonymous_14)
FNDA:1,(anonymous_15)
FNDA:16,(anonymous_16)
FNDA:16,(anonymous_17)
FNDA:0,(anonymous_18)
FNDA:0,(anonymous_19)
FNDA:0,loadCursorLegacy
FNDA:0,isCursorComplete
DA:18,1
DA:19,1
DA:23,1
DA:24,1
DA:30,24
DA:37,24
DA:38,24
DA:53,33
DA:54,33
DA:56,33
DA:58,33
DA:59,33
DA:60,0
DA:64,33
DA:65,33
DA:68,33
DA:69,19
DA:71,19
DA:72,19
DA:73,19
DA:80,33
DA:82,33
DA:85,0
DA:86,0
DA:87,0
DA:91,0
DA:99,7
DA:102,7
DA:103,6
DA:104,6
DA:105,6
DA:106,6
DA:109,2
DA:114,3
DA:115,2
DA:116,2
DA:117,2
DA:118,2
DA:119,2
DA:121,2
DA:122,2
DA:125,1
DA:129,2
DA:139,24
DA:140,24
DA:141,24
DA:142,24
DA:143,24
DA:146,24
DA:160,24
DA:167,24
DA:168,24
DA:175,7
DA:177,7
DA:178,5
DA:192,5
DA:193,1
DA:200,5
DA:201,0
DA:202,0
DA:203,0
DA:204,0
DA:213,7
DA:227,2
DA:228,1
DA:237,1
DA:250,0
DA:265,16
DA:266,1
DA:269,15
DA:270,15
DA:272,15
DA:279,15
DA:286,1
DA:287,0
DA:288,0
DA:291,1
DA:292,1
DA:293,1
DA:294,1
DA:297,1
DA:307,11
DA:308,1
DA:312,10
DA:313,10
DA:314,10
DA:315,10
DA:319,10
DA:320,10
DA:321,10
DA:324,10
DA:326,10
DA:335,1
DA:336,0
DA:340,1
DA:341,1
DA:344,1
DA:345,1
DA:346,1
DA:349,1
DA:364,4
DA:365,4
DA:366,4
DA:368,4
DA:370,4
DA:381,2
DA:382,2
DA:383,2
DA:384,2
DA:386,2
DA:397,2
DA:398,1
DA:401,1
DA:403,1
DA:404,1
DA:405,1
DA:406,1
DA:408,1
DA:418,1
DA:419,1
DA:426,16
DA:458,16
DA:465,16
DA:502,16
DA:509,0
DA:525,0
DA:526,0
DA:530,0
DA:531,0
DA:533,0
DA:534,0
DA:536,0
DA:537,0
DA:539,0
DA:540,0
DA:542,0
DA:543,0
DA:545,0
DA:546,0
DA:550,0
DA:552,0
DA:560,0
DA:561,0
DA:568,0
DA:569,0
LF:145
LH:111
BRDA:36,0,0,24
BRDA:37,1,0,4
BRDA:37,1,1,20
BRDA:59,2,0,0
BRDA:59,2,1,33
BRDA:64,3,0,0
BRDA:64,3,1,33
BRDA:68,4,0,19
BRDA:68,4,1,14
BRDA:86,5,0,0
BRDA:86,5,1,0
BRDA:102,6,0,6
BRDA:102,6,1,1
BRDA:105,7,0,6
BRDA:105,7,1,0
BRDA:114,8,0,2
BRDA:114,8,1,1
BRDA:117,9,0,2
BRDA:117,9,1,0
BRDA:138,10,0,24
BRDA:138,11,0,24
BRDA:177,12,0,5
BRDA:177,12,1,2
BRDA:179,13,0,5
BRDA:179,13,1,0
BRDA:179,13,2,0
BRDA:180,14,0,5
BRDA:180,14,1,0
BRDA:180,14,2,0
BRDA:181,15,0,5
BRDA:181,15,1,0
BRDA:181,15,2,0
BRDA:182,16,0,5
BRDA:182,16,1,5
BRDA:183,17,0,5
BRDA:183,17,1,5
BRDA:184,18,0,5
BRDA:184,18,1,5
BRDA:186,19,0,5
BRDA:186,19,1,5
BRDA:187,20,0,5
BRDA:187,20,1,5
BRDA:188,21,0,5
BRDA:188,21,1,5
BRDA:192,22,0,1
BRDA:192,22,1,4
BRDA:192,23,0,5
BRDA:192,23,1,4
BRDA:200,24,0,0
BRDA:200,24,1,5
BRDA:200,25,0,5
BRDA:200,25,1,0
BRDA:203,26,0,0
BRDA:203,26,1,0
BRDA:225,27,0,2
BRDA:227,28,0,1
BRDA:227,28,1,1
BRDA:227,29,0,2
BRDA:227,29,1,1
BRDA:265,30,0,1
BRDA:265,30,1,15
BRDA:286,31,0,0
BRDA:286,31,1,1
BRDA:293,32,0,1
BRDA:293,32,1,0
BRDA:293,33,0,1
BRDA:293,33,1,1
BRDA:293,33,2,1
BRDA:307,34,0,1
BRDA:307,34,1,10
BRDA:314,35,0,10
BRDA:314,35,1,0
BRDA:335,36,0,0
BRDA:335,36,1,1
BRDA:340,37,0,1
BRDA:340,37,1,0
BRDA:362,38,0,4
BRDA:362,39,0,4
BRDA:362,40,0,4
BRDA:364,41,0,4
BRDA:364,41,1,1
BRDA:365,42,0,4
BRDA:365,42,1,1
BRDA:366,43,0,4
BRDA:366,43,1,1
BRDA:397,44,0,1
BRDA:397,44,1,1
BRDA:397,45,0,2
BRDA:397,45,1,1
BRDA:397,45,2,1
BRDA:499,46,0,1
BRDA:499,46,1,15
BRDA:525,47,0,0
BRDA:525,47,1,0
BRDA:530,48,0,0
BRDA:530,48,1,0
BRDA:533,49,0,0
BRDA:533,49,1,0
BRDA:536,50,0,0
BRDA:536,50,1,0
BRDA:539,51,0,0
BRDA:539,51,1,0
BRDA:542,52,0,0
BRDA:542,52,1,0
BRDA:545,53,0,0
BRDA:545,53,1,0
BRDA:559,54,0,0
BRDA:567,55,0,0
BRF:108
BRH:71
end_of_record
TN:
SF:scripts/ingest/data-schema.js
FN:141,(anonymous_0)
FN:161,normalizeUpdate
FN:244,determineOriginalEventType
FN:257,determineNormalizedEventType
FN:284,normalizeEvent
FN:329,(anonymous_5)
FN:411,extractPackageName
FN:428,getPartitionPath
FN:449,flattenEventsInTreeOrder
FN:455,traverse
FNF:10
FNH:10
FNDA:4,(anonymous_0)
FNDA:49,normalizeUpdate
FNDA:50,determineOriginalEventType
FNDA:50,determineNormalizedEventType
FNDA:50,normalizeEvent
FNDA:30,(anonymous_5)
FNDA:35,extractPackageName
FNDA:40,getPartitionPath
FNDA:28,flattenEventsInTreeOrder
FNDA:58,traverse
DA:17,6
DA:43,6
DA:80,6
DA:104,6
DA:142,4
DA:143,4
DA:144,4
DA:162,49
DA:164,49
DA:165,49
DA:169,49
DA:172,49
DA:175,49
DA:176,7
DA:177,7
DA:185,7
DA:189,7
DA:190,4
DA:191,3
DA:192,2
DA:197,45
DA:200,49
DA:201,49
DA:204,49
DA:205,49
DA:206,49
DA:207,49
DA:208,49
DA:210,49
DA:245,50
DA:246,20
DA:247,14
DA:250,6
DA:258,50
DA:259,20
DA:260,14
DA:262,6
DA:263,50
DA:264,1
DA:265,1
DA:266,1
DA:286,50
DA:287,50
DA:288,50
DA:289,50
DA:292,50
DA:297,50
DA:302,50
DA:310,50
DA:315,50
DA:316,50
DA:321,50
DA:322,50
DA:323,1
DA:329,50
DA:330,30
DA:331,30
DA:332,30
DA:333,30
DA:334,30
DA:335,30
DA:337,0
DA:340,50
DA:341,50
DA:346,50
DA:349,50
DA:350,50
DA:351,50
DA:352,50
DA:355,50
DA:356,50
DA:357,50
DA:358,50
DA:360,50
DA:361,50
DA:364,50
DA:365,50
DA:366,50
DA:367,50
DA:368,50
DA:370,50
DA:412,35
DA:413,29
DA:414,29
DA:429,40
DA:430,40
DA:431,40
DA:432,40
DA:435,40
DA:436,40
DA:450,28
DA:452,27
DA:453,27
DA:456,58
DA:457,58
DA:459,58
DA:460,58
DA:463,58
DA:466,58
DA:469,58
DA:470,23
DA:475,27
DA:476,35
DA:479,27
LF:104
LH:103
BRDA:141,0,0,4
BRDA:161,1,0,49
BRDA:162,2,0,49
BRDA:162,3,0,49
BRDA:164,4,0,49
BRDA:164,4,1,24
BRDA:164,4,2,17
BRDA:169,5,0,49
BRDA:169,5,1,24
BRDA:169,5,2,17
BRDA:172,6,0,35
BRDA:172,6,1,14
BRDA:172,7,0,7
BRDA:172,7,1,7
BRDA:175,8,0,7
BRDA:175,8,1,42
BRDA:176,9,0,7
BRDA:176,9,1,0
BRDA:176,9,2,0
BRDA:189,10,0,4
BRDA:189,10,1,3
BRDA:189,11,0,7
BRDA:189,11,1,6
BRDA:191,12,0,2
BRDA:191,12,1,1
BRDA:197,13,0,45
BRDA:197,13,1,17
BRDA:200,14,0,49
BRDA:200,14,1,10
BRDA:204,15,0,49
BRDA:204,15,1,38
BRDA:205,16,0,49
BRDA:205,16,1,38
BRDA:206,17,0,49
BRDA:206,17,1,39
BRDA:207,18,0,49
BRDA:207,18,1,39
BRDA:208,19,0,49
BRDA:208,19,1,39
BRDA:211,20,0,49
BRDA:211,20,1,0
BRDA:213,21,0,43
BRDA:213,21,1,2
BRDA:214,22,0,49
BRDA:214,22,1,14
BRDA:216,23,0,49
BRDA:216,23,1,34
BRDA:217,24,0,49
BRDA:217,24,1,34
BRDA:218,25,0,49
BRDA:218,25,1,16
BRDA:220,26,0,33
BRDA:220,26,1,12
BRDA:221,27,0,23
BRDA:221,27,1,22
BRDA:224,28,0,49
BRDA:224,28,1,39
BRDA:234,29,0,12
BRDA:234,29,1,33
BRDA:245,30,0,30
BRDA:245,30,1,20
BRDA:246,31,0,6
BRDA:246,31,1,14
BRDA:247,32,0,8
BRDA:247,32,1,6
BRDA:250,33,0,6
BRDA:250,33,1,1
BRDA:258,34,0,30
BRDA:258,34,1,20
BRDA:259,35,0,6
BRDA:259,35,1,14
BRDA:260,36,0,8
BRDA:260,36,1,6
BRDA:262,37,0,6
BRDA:262,37,1,1
BRDA:263,38,0,5
BRDA:263,38,1,45
BRDA:264,39,0,0
BRDA:264,39,1,1
BRDA:265,40,0,0
BRDA:265,40,1,1
BRDA:266,41,0,1
BRDA:266,41,1,1
BRDA:284,42,0,50
BRDA:284,43,0,50
BRDA:289,44,0,50
BRDA:289,44,1,20
BRDA:289,44,2,14
BRDA:289,44,3,6
BRDA:292,45,0,50
BRDA:292,45,1,6
BRDA:292,45,2,6
BRDA:297,46,0,50
BRDA:297,46,1,1
BRDA:297,46,2,1
BRDA:302,47,0,50
BRDA:302,47,1,24
BRDA:302,47,2,16
BRDA:302,47,3,15
BRDA:302,47,4,15
BRDA:302,47,5,15
BRDA:310,48,0,50
BRDA:310,48,1,35
BRDA:310,48,2,35
BRDA:321,49,0,50
BRDA:321,49,1,14
BRDA:321,49,2,1
BRDA:322,50,0,1
BRDA:322,50,1,49
BRDA:322,51,0,50
BRDA:322,51,1,1
BRDA:330,52,0,0
BRDA:330,52,1,30
BRDA:331,53,0,0
BRDA:331,53,1,30
BRDA:332,54,0,0
BRDA:332,54,1,30
BRDA:333,55,0,30
BRDA:333,55,1,0
BRDA:335,56,0,27
BRDA:335,56,1,3
BRDA:340,57,0,50
BRDA:340,57,1,25
BRDA:341,58,0,25
BRDA:341,58,1,25
BRDA:343,59,0,5
BRDA:343,59,1,20
BRDA:346,60,0,50
BRDA:346,60,1,37
BRDA:349,61,0,50
BRDA:349,61,1,25
BRDA:349,61,2,24
BRDA:350,62,0,50
BRDA:350,62,1,26
BRDA:350,62,2,26
BRDA:351,63,0,50
BRDA:351,63,1,48
BRDA:351,63,2,48
BRDA:352,64,0,50
BRDA:352,64,1,49
BRDA:352,64,2,49
BRDA:355,65,0,50
BRDA:355,65,1,44
BRDA:355,65,2,44
BRDA:356,66,0,50
BRDA:356,66,1,42
BRDA:356,66,2,42
BRDA:357,67,0,50
BRDA:357,67,1,43
BRDA:357,67,2,43
BRDA:358,68,0,50
BRDA:358,68,1,50
BRDA:358,68,2,50
BRDA:360,69,0,50
BRDA:360,69,1,43
BRDA:360,69,2,43
BRDA:361,70,0,50
BRDA:361,70,1,43
BRDA:361,70,2,43
BRDA:364,71,0,50
BRDA:364,71,1,50
BRDA:364,71,2,48
BRDA:365,72,0,50
BRDA:365,72,1,50
BRDA:365,72,2,48
BRDA:366,73,0,50
BRDA:366,73,1,50
BRDA:366,73,2,50
BRDA:367,74,0,50
BRDA:367,74,1,50
BRDA:367,74,2,50
BRDA:368,75,0,50
BRDA:368,75,1,50
BRDA:368,75,2,50
BRDA:378,76,0,50
BRDA:378,76,1,0
BRDA:389,77,0,35
BRDA:389,77,1,15
BRDA:390,78,0,1
BRDA:390,78,1,49
BRDA:395,79,0,7
BRDA:395,79,1,43
BRDA:403,80,0,50
BRDA:403,80,1,8
BRDA:412,81,0,6
BRDA:412,81,1,29
BRDA:414,82,0,28
BRDA:414,82,1,1
BRDA:428,83,0,40
BRDA:435,84,0,40
BRDA:435,84,1,3
BRDA:450,85,0,1
BRDA:450,85,1,27
BRDA:450,86,0,28
BRDA:450,86,1,27
BRDA:456,87,0,0
BRDA:456,87,1,58
BRDA:460,88,0,0
BRDA:460,88,1,58
BRDA:466,89,0,58
BRDA:466,89,1,51
BRDA:466,89,2,41
BRF:202
BRH:190
end_of_record
TN:
SF:scripts/ingest/encoding.js
FN:19,getRoot
FN:26,getEncoders
FN:45,mapEvent
FN:114,mapUpdate
FN:154,safeTimestamp
FN:168,safeInt64
FN:177,safeStringArray
FN:185,safeStringify
FNF:8
FNH:6
FNDA:0,getRoot
FNDA:0,getEncoders
FNDA:10,mapEvent
FNDA:5,mapUpdate
FNDA:45,safeTimestamp
FNDA:35,safeInt64
FNDA:55,safeStringArray
FNDA:3,safeStringify
DA:9,1
DA:12,1
DA:13,1
DA:15,1
DA:17,1
DA:20,0
DA:21,0
DA:23,0
DA:27,0
DA:28,0
DA:29,0
DA:30,0
DA:31,0
DA:33,0
DA:47,10
DA:48,10
DA:49,10
DA:51,10
DA:53,10
DA:56,10
DA:66,10
DA:68,10
DA:115,5
DA:116,5
DA:117,5
DA:120,5
DA:125,5
DA:155,45
DA:156,3
DA:157,3
DA:158,3
DA:159,3
DA:161,0
DA:169,35
DA:170,4
DA:171,4
DA:178,55
DA:179,7
DA:186,3
DA:187,3
DA:189,0
LF:41
LH:30
BRDA:20,0,0,0
BRDA:20,0,1,0
BRDA:47,1,0,10
BRDA:47,1,1,9
BRDA:48,2,0,10
BRDA:48,2,1,9
BRDA:48,2,2,9
BRDA:49,3,0,10
BRDA:49,3,1,10
BRDA:51,4,0,10
BRDA:51,4,1,10
BRDA:51,4,2,9
BRDA:53,5,0,10
BRDA:53,5,1,10
BRDA:53,5,2,10
BRDA:53,5,3,10
BRDA:53,5,4,10
BRDA:56,6,0,10
BRDA:56,6,1,9
BRDA:56,6,2,8
BRDA:56,6,3,8
BRDA:56,6,4,8
BRDA:56,6,5,8
BRDA:56,6,6,8
BRDA:56,6,7,8
BRDA:56,6,8,8
BRDA:66,7,0,10
BRDA:66,7,1,9
BRDA:69,8,0,10
BRDA:69,8,1,10
BRDA:69,8,2,1
BRDA:69,8,3,0
BRDA:70,9,0,10
BRDA:70,9,1,9
BRDA:70,9,2,8
BRDA:71,10,0,10
BRDA:71,10,1,8
BRDA:72,11,0,10
BRDA:72,11,1,8
BRDA:73,12,0,10
BRDA:73,12,1,10
BRDA:73,12,2,10
BRDA:73,12,3,10
BRDA:77,13,0,10
BRDA:77,13,1,0
BRDA:78,14,0,10
BRDA:78,14,1,10
BRDA:78,14,2,9
BRDA:78,14,3,8
BRDA:79,15,0,10
BRDA:79,15,1,10
BRDA:79,15,2,10
BRDA:80,16,0,10
BRDA:80,16,1,9
BRDA:84,17,0,10
BRDA:84,17,1,9
BRDA:85,18,0,10
BRDA:85,18,1,9
BRDA:86,19,0,10
BRDA:86,19,1,9
BRDA:86,19,2,9
BRDA:86,20,0,1
BRDA:86,20,1,8
BRDA:88,21,0,10
BRDA:88,21,1,10
BRDA:88,21,2,10
BRDA:88,22,0,0
BRDA:88,22,1,10
BRDA:90,23,0,10
BRDA:90,23,1,10
BRDA:91,24,0,10
BRDA:91,24,1,10
BRDA:92,25,0,10
BRDA:92,25,1,10
BRDA:92,25,2,10
BRDA:94,26,0,10
BRDA:94,26,1,10
BRDA:94,26,2,10
BRDA:94,27,0,0
BRDA:94,27,1,10
BRDA:96,28,0,10
BRDA:96,28,1,9
BRDA:96,28,2,9
BRDA:97,29,0,10
BRDA:97,29,1,9
BRDA:97,29,2,9
BRDA:98,30,0,10
BRDA:98,30,1,9
BRDA:98,30,2,9
BRDA:99,31,0,10
BRDA:99,31,1,9
BRDA:100,32,0,10
BRDA:100,32,1,9
BRDA:103,33,0,10
BRDA:103,33,1,10
BRDA:103,33,2,10
BRDA:103,33,3,9
BRDA:103,34,0,0
BRDA:103,34,1,9
BRDA:104,35,0,10
BRDA:104,35,1,9
BRDA:104,35,2,9
BRDA:104,35,3,9
BRDA:104,36,0,0
BRDA:104,36,1,9
BRDA:106,37,0,10
BRDA:106,37,1,10
BRDA:115,38,0,5
BRDA:115,38,1,5
BRDA:116,39,0,5
BRDA:116,39,1,5
BRDA:116,39,2,5
BRDA:117,40,0,5
BRDA:117,40,1,4
BRDA:120,41,0,5
BRDA:120,41,1,4
BRDA:120,41,2,4
BRDA:120,41,3,3
BRDA:126,42,0,5
BRDA:126,42,1,5
BRDA:126,42,2,0
BRDA:126,42,3,0
BRDA:127,43,0,5
BRDA:127,43,1,5
BRDA:127,43,2,3
BRDA:127,43,3,3
BRDA:128,44,0,5
BRDA:128,44,1,5
BRDA:128,44,2,4
BRDA:128,44,3,4
BRDA:132,45,0,5
BRDA:132,45,1,4
BRDA:132,45,2,4
BRDA:133,46,0,5
BRDA:133,46,1,4
BRDA:133,46,2,4
BRDA:134,47,0,5
BRDA:134,47,1,4
BRDA:135,48,0,5
BRDA:135,48,1,5
BRDA:138,49,0,5
BRDA:138,49,1,4
BRDA:138,50,0,5
BRDA:138,50,1,4
BRDA:140,51,0,5
BRDA:140,51,1,4
BRDA:140,51,2,4
BRDA:141,52,0,5
BRDA:141,52,1,4
BRDA:141,52,2,4
BRDA:142,53,0,5
BRDA:142,53,1,4
BRDA:142,53,2,4
BRDA:143,54,0,5
BRDA:143,54,1,4
BRDA:144,55,0,5
BRDA:144,55,1,4
BRDA:146,56,0,5
BRDA:146,56,1,5
BRDA:146,56,2,5
BRDA:146,57,0,1
BRDA:146,57,1,4
BRDA:147,58,0,5
BRDA:147,58,1,5
BRDA:147,58,2,5
BRDA:147,59,0,1
BRDA:147,59,1,4
BRDA:155,60,0,42
BRDA:155,60,1,3
BRDA:156,61,0,0
BRDA:156,61,1,3
BRDA:159,62,0,0
BRDA:159,62,1,3
BRDA:169,63,0,31
BRDA:169,63,1,4
BRDA:169,64,0,35
BRDA:169,64,1,35
BRDA:171,65,0,0
BRDA:171,65,1,4
BRDA:178,66,0,48
BRDA:178,66,1,7
BRDA:187,67,0,0
BRDA:187,67,1,3
BRF:183
BRH:169
end_of_record
TN:
SF:scripts/ingest/path-utils.js
FN:20,(anonymous_0)
FN:21,(anonymous_1)
FN:38,normalizeCrossPlatform
FN:66,getBaseDataDir
FN:77,getRawDir
FN:88,getCursorDir
FN:101,toDuckDBPath
FN:111,getTmpDir
FN:120,getTmpRawDir
FN:127,ensureTmpDir
FN:143,isGCSMode
FN:159,validateGCSBucket
FN:178,getGCSBucket
FN:185,logPathConfig
FNF:14
FNH:13
FNDA:10,(anonymous_0)
FNDA:7,(anonymous_1)
FNDA:19,normalizeCrossPlatform
FNDA:13,getBaseDataDir
FNDA:4,getRawDir
FNDA:5,getCursorDir
FNDA:4,toDuckDBPath
FNDA:1,getTmpDir
FNDA:1,getTmpRawDir
FNDA:0,ensureTmpDir
FNDA:7,isGCSMode
FNDA:6,validateGCSBucket
FNDA:1,getGCSBucket
FNDA:3,logPathConfig
DA:12,3
DA:13,3
DA:16,3
DA:19,3
DA:20,10
DA:21,7
DA:24,3
DA:25,3
DA:39,19
DA:40,15
DA:44,4
DA:45,1
DA:46,1
DA:47,1
DA:51,3
DA:52,0
DA:53,0
DA:54,0
DA:57,3
DA:67,13
DA:68,13
DA:78,4
DA:89,5
DA:90,1
DA:92,4
DA:102,4
DA:112,1
DA:121,1
DA:128,0
DA:129,0
DA:145,7
DA:146,3
DA:149,4
DA:160,6
DA:161,3
DA:162,2
DA:168,1
DA:170,3
DA:179,1
DA:186,3
DA:187,3
DA:188,3
DA:189,3
DA:190,3
DA:191,3
DA:192,3
DA:193,3
DA:194,1
DA:196,2
LF:49
LH:44
BRDA:21,0,0,7
BRDA:21,0,1,5
BRDA:38,1,0,19
BRDA:38,2,0,19
BRDA:39,3,0,15
BRDA:39,3,1,4
BRDA:40,4,0,0
BRDA:40,4,1,15
BRDA:44,5,0,1
BRDA:44,5,1,3
BRDA:44,6,0,4
BRDA:44,6,1,4
BRDA:51,7,0,0
BRDA:51,7,1,3
BRDA:51,8,0,3
BRDA:51,8,1,0
BRDA:66,9,0,13
BRDA:77,10,0,4
BRDA:88,11,0,5
BRDA:88,12,0,5
BRDA:89,13,0,1
BRDA:89,13,1,4
BRDA:128,14,0,0
BRDA:128,14,1,0
BRDA:145,15,0,3
BRDA:145,15,1,4
BRDA:159,16,0,6
BRDA:160,17,0,3
BRDA:160,17,1,3
BRDA:161,18,0,2
BRDA:161,18,1,1
BRDA:161,19,0,3
BRDA:161,19,1,2
BRDA:185,20,0,3
BRDA:186,21,0,0
BRDA:186,21,1,3
BRDA:187,22,0,3
BRDA:187,22,1,3
BRDA:191,23,0,3
BRDA:191,23,1,2
BRDA:192,24,0,3
BRDA:192,24,1,3
BRDA:193,25,0,1
BRDA:193,25,1,2
BRF:44
BRH:38
end_of_record
TN:
SF:server/engine/aggregations.js
FN:19,getLastFileId
FN:29,setLastFileId
FN:42,getMaxIngestedFileId
FN:52,hasNewData
FN:61,updateEventTypeCounts
FN:80,(anonymous_5)
FN:86,streamTemplateEventCounts
FN:114,getTemplateEventCounts
FN:127,(anonymous_8)
FN:134,getTotalCounts
FN:150,getTimeRange
FN:165,streamEvents
FN:195,updateAllAggregations
FNF:13
FNH:12
FNDA:5,getLastFileId
FNDA:2,setLastFileId
FNDA:5,getMaxIngestedFileId
FNDA:2,hasNewData
FNDA:3,updateEventTypeCounts
FNDA:3,(anonymous_5)
FNDA:0,streamTemplateEventCounts
FNDA:1,getTemplateEventCounts
FNDA:2,(anonymous_8)
FNDA:2,getTotalCounts
FNDA:2,getTimeRange
FNDA:1,streamEvents
FNDA:1,updateAllAggregations
DA:14,1
DA:20,5
DA:23,5
DA:30,2
DA:43,5
DA:46,5
DA:53,2
DA:54,2
DA:55,2
DA:62,3
DA:63,3
DA:64,3
DA:66,3
DA:68,2
DA:77,2
DA:80,3
DA:87,0
DA:88,0
DA:90,0
DA:91,0
DA:102,0
DA:103,0
DA:106,0
DA:107,0
DA:115,1
DA:127,2
DA:135,2
DA:141,2
DA:151,2
DA:159,2
DA:166,1
DA:167,1
DA:168,1
DA:170,1
DA:171,1
DA:172,1
DA:173,1
DA:175,1
DA:176,2
DA:183,2
DA:184,2
DA:187,2
DA:188,2
DA:196,1
DA:198,1
DA:199,1
DA:200,1
DA:201,1
DA:203,0
DA:204,0
DA:207,1
LF:51
LH:41
BRDA:23,0,0,5
BRDA:23,0,1,0
BRDA:46,1,0,5
BRDA:46,1,1,0
BRDA:66,2,0,1
BRDA:66,2,1,2
BRDA:86,3,0,0
BRDA:114,4,0,1
BRDA:142,5,0,2
BRDA:142,5,1,0
BRDA:143,6,0,2
BRDA:143,6,1,0
BRDA:159,7,0,2
BRDA:159,7,1,0
BRDA:165,8,0,1
BRDA:166,9,0,1
BRDA:171,10,0,0
BRDA:171,10,1,1
BRDA:172,11,0,0
BRDA:172,11,1,1
BRDA:173,12,0,0
BRDA:173,12,1,1
BRF:22
BRH:13
end_of_record
TN:
SF:server/lib/request-logger.js
FN:23,formatEntry
FN:38,log
FN:62,logRequest
FN:78,logApiError
FN:94,logSlowRequest
FN:106,logValidationError
FN:117,logQuery
FN:129,requestLoggerMiddleware
FN:136,(anonymous_8)
FN:138,(anonymous_9)
FN:147,(anonymous_10)
FN:172,errorLoggerMiddleware
FN:173,(anonymous_12)
FNF:13
FNH:13
FNDA:15,formatEntry
FNDA:17,log
FNDA:4,logRequest
FNDA:4,logApiError
FNDA:2,logSlowRequest
FNDA:1,logValidationError
FNDA:2,logQuery
FNDA:4,requestLoggerMiddleware
FNDA:4,(anonymous_8)
FNDA:4,(anonymous_9)
FNDA:2,(anonymous_10)
FNDA:2,errorLoggerMiddleware
FNDA:2,(anonymous_12)
DA:8,1
DA:9,1
DA:11,1
DA:18,1
DA:24,15
DA:25,0
DA:26,0
DA:29,0
DA:30,0
DA:32,15
DA:39,17
DA:41,15
DA:48,15
DA:50,15
DA:51,5
DA:53,10
DA:56,15
DA:63,4
DA:79,4
DA:95,2
DA:107,1
DA:118,2
DA:134,4
DA:136,4
DA:138,4
DA:139,1
DA:142,3
DA:145,3
DA:147,3
DA:148,2
DA:151,2
DA:157,2
DA:158,1
DA:162,2
DA:165,3
DA:173,2
DA:174,2
DA:177,2
DA:179,2
LF:39
LH:35
BRDA:8,0,0,1
BRDA:8,0,1,1
BRDA:9,1,0,1
BRDA:9,1,1,1
BRDA:18,2,0,1
BRDA:18,2,1,0
BRDA:24,3,0,0
BRDA:24,3,1,15
BRDA:26,4,0,0
BRDA:26,4,1,0
BRDA:27,5,0,0
BRDA:27,5,1,0
BRDA:28,6,0,0
BRDA:28,6,1,0
BRDA:29,7,0,0
BRDA:29,7,1,0
BRDA:38,8,0,17
BRDA:39,9,0,2
BRDA:39,9,1,15
BRDA:50,10,0,5
BRDA:50,10,1,10
BRDA:62,11,0,4
BRDA:66,12,0,1
BRDA:66,12,1,3
BRDA:66,13,0,4
BRDA:66,13,1,0
BRDA:70,14,0,4
BRDA:70,14,1,3
BRDA:78,15,0,4
BRDA:82,16,0,0
BRDA:82,16,1,4
BRDA:82,17,0,4
BRDA:82,17,1,0
BRDA:84,18,0,4
BRDA:84,18,1,3
BRDA:94,19,0,2
BRDA:129,20,0,4
BRDA:131,21,0,4
BRDA:132,22,0,4
BRDA:133,23,0,4
BRDA:138,24,0,1
BRDA:138,24,1,3
BRDA:153,25,0,0
BRDA:153,25,1,2
BRDA:153,26,0,2
BRDA:153,26,1,0
BRDA:157,27,0,1
BRDA:157,27,1,1
BRDA:179,28,0,2
BRDA:179,28,1,1
BRDA:180,29,0,0
BRDA:180,29,1,2
BRDA:181,30,0,2
BRDA:181,30,1,0
BRF:54
BRH:37
end_of_record
TN:
SF:server/lib/sql-sanitize.js
FN:53,containsDangerousPatterns
FN:55,(anonymous_1)
FN:62,escapeLikePattern
FN:76,escapeString
FN:87,sanitizeNumber
FN:97,validatePattern
FN:110,sanitizeIdentifier
FN:120,sanitizeContractId
FN:132,sanitizeEventType
FN:142,sanitizeTimestamp
FN:162,sanitizeSearchQuery
FN:178,buildLikeCondition
FN:198,buildEqualCondition
FN:209,buildInCondition
FN:212,(anonymous_14)
FN:213,(anonymous_15)
FN:214,(anonymous_16)
FN:216,(anonymous_17)
FNF:18
FNH:18
FNDA:220,containsDangerousPatterns
FNDA:4693,(anonymous_1)
FNDA:25,escapeLikePattern
FNDA:16,escapeString
FNDA:42,sanitizeNumber
FNDA:41,validatePattern
FNDA:22,sanitizeIdentifier
FNDA:29,sanitizeContractId
FNDA:14,sanitizeEventType
FNDA:25,sanitizeTimestamp
FNDA:14,sanitizeSearchQuery
FNDA:8,buildLikeCondition
FNDA:4,buildEqualCondition
FNDA:7,buildInCondition
FNDA:8,(anonymous_14)
FNDA:6,(anonymous_15)
FNDA:6,(anonymous_16)
FNDA:6,(anonymous_17)
DA:9,7
DA:54,220
DA:55,4693
DA:63,25
DA:64,22
DA:65,19
DA:77,16
DA:78,14
DA:79,13
DA:88,42
DA:89,42
DA:90,28
DA:98,41
DA:99,39
DA:100,37
DA:101,36
DA:102,27
DA:111,22
DA:112,14
DA:121,29
DA:122,29
DA:125,20
DA:133,14
DA:134,14
DA:135,5
DA:143,25
DA:144,23
DA:145,22
DA:148,21
DA:149,21
DA:152,17
DA:153,17
DA:155,13
DA:163,14
DA:164,14
DA:165,13
DA:169,12
DA:171,7
DA:179,8
DA:180,6
DA:181,6
DA:183,6
DA:185,1
DA:187,1
DA:190,4
DA:199,4
DA:200,3
DA:201,3
DA:202,3
DA:210,7
DA:211,4
DA:212,8
DA:213,6
DA:214,6
DA:215,4
DA:216,6
LF:56
LH:56
BRDA:54,0,0,4
BRDA:54,0,1,216
BRDA:63,1,0,3
BRDA:63,1,1,22
BRDA:64,2,0,3
BRDA:64,2,1,19
BRDA:77,3,0,2
BRDA:77,3,1,14
BRDA:78,4,0,1
BRDA:78,4,1,13
BRDA:87,5,0,42
BRDA:87,6,0,42
BRDA:87,7,0,42
BRDA:87,8,0,42
BRDA:89,9,0,14
BRDA:89,9,1,28
BRDA:97,10,0,41
BRDA:98,11,0,2
BRDA:98,11,1,39
BRDA:99,12,0,2
BRDA:99,12,1,37
BRDA:100,13,0,1
BRDA:100,13,1,36
BRDA:101,14,0,9
BRDA:101,14,1,27
BRDA:110,15,0,22
BRDA:111,16,0,8
BRDA:111,16,1,14
BRDA:121,17,0,0
BRDA:121,17,1,29
BRDA:122,18,0,9
BRDA:122,18,1,20
BRDA:134,19,0,9
BRDA:134,19,1,5
BRDA:143,20,0,2
BRDA:143,20,1,23
BRDA:144,21,0,1
BRDA:144,21,1,22
BRDA:145,22,0,1
BRDA:145,22,1,21
BRDA:149,23,0,4
BRDA:149,23,1,17
BRDA:153,24,0,4
BRDA:153,24,1,13
BRDA:162,25,0,14
BRDA:163,26,0,0
BRDA:163,26,1,14
BRDA:164,27,0,1
BRDA:164,27,1,13
BRDA:165,28,0,1
BRDA:165,28,1,12
BRDA:169,29,0,5
BRDA:169,29,1,7
BRDA:178,30,0,8
BRDA:179,31,0,2
BRDA:179,31,1,6
BRDA:181,32,0,0
BRDA:181,32,1,6
BRDA:183,33,0,6
BRDA:183,33,1,1
BRDA:183,33,2,4
BRDA:183,33,3,4
BRDA:199,34,0,1
BRDA:199,34,1,3
BRDA:201,35,0,0
BRDA:201,35,1,3
BRDA:201,36,0,3
BRDA:201,36,1,0
BRDA:209,37,0,7
BRDA:210,38,0,3
BRDA:210,38,1,4
BRDA:210,39,0,7
BRDA:210,39,1,5
BRDA:214,40,0,6
BRDA:214,40,1,6
BRDA:215,41,0,1
BRDA:215,41,1,3
BRF:77
BRH:72
end_of_record
TN:
SF:server/lib/validate.js
FN:24,validate
FN:25,(anonymous_1)
FN:30,(anonymous_2)
FN:60,validateAll
FN:61,(anonymous_4)
FN:70,(anonymous_5)
FN:100,parseData
FN:106,(anonymous_7)
FNF:8
FNH:8
FNDA:6,validate
FNDA:6,(anonymous_1)
FNDA:6,(anonymous_2)
FNDA:3,validateAll
FNDA:3,(anonymous_4)
FNDA:3,(anonymous_5)
FNDA:4,parseData
FNDA:4,(anonymous_7)
DA:25,6
DA:26,6
DA:27,6
DA:29,6
DA:30,6
DA:36,3
DA:43,3
DA:44,3
DA:61,3
DA:62,3
DA:63,3
DA:65,3
DA:66,6
DA:67,6
DA:69,6
DA:70,3
DA:77,3
DA:81,3
DA:82,2
DA:88,1
DA:89,1
DA:101,4
DA:103,4
DA:104,3
DA:106,4
DA:114,1
LF:26
LH:26
BRDA:24,0,0,6
BRDA:29,1,0,3
BRDA:29,1,1,3
BRDA:69,2,0,3
BRDA:69,2,1,3
BRDA:81,3,0,2
BRDA:81,3,1,1
BRDA:103,4,0,3
BRDA:103,4,1,1
BRF:9
BRH:9
end_of_record
TN:
SF:server/lib/validation-schemas.js
FN:64,(anonymous_0)
FN:77,(anonymous_1)
FNF:2
FNH:2
FNDA:13,(anonymous_0)
FNDA:5,(anonymous_1)
DA:13,1
DA:21,1
DA:31,1
DA:44,1
DA:55,1
DA:62,1
DA:65,13
DA:66,13
DA:67,11
DA:68,11
DA:74,1
DA:78,5
DA:79,2
DA:81,3
DA:87,1
DA:95,1
DA:103,1
DA:112,1
DA:120,1
DA:128,1
LF:20
LH:20
BRDA:66,0,0,2
BRDA:66,0,1,11
BRDA:78,1,0,2
BRDA:78,1,1,3
BRDA:78,2,0,5
BRDA:78,2,1,3
BRF:6
BRH:6
end_of_record
TN:
SF:src/lib/amount-utils.ts
FN:11,toCC
FN:21,pickAmount
FN:49,pickAmountAsCC
FN:57,pickLockedAmount
FNF:4
FNH:4
FNDA:15,toCC
FNDA:20,pickAmount
FNDA:4,pickAmountAsCC
FNDA:5,pickLockedAmount
DA:5,1
DA:6,1
DA:12,15
DA:13,15
DA:14,13
DA:22,20
DA:25,17
DA:34,20
DA:35,61
DA:36,13
DA:37,13
DA:38,13
DA:43,4
DA:50,4
DA:58,5
DA:61,4
DA:62,1
DA:63,1
DA:67,3
LF:19
LH:19
BRDA:12,0,0,4
BRDA:12,0,1,11
BRDA:13,1,0,2
BRDA:13,1,1,13
BRDA:22,2,0,3
BRDA:22,2,1,17
BRDA:35,3,0,13
BRDA:35,3,1,48
BRDA:35,4,0,61
BRDA:35,4,1,13
BRDA:36,5,0,11
BRDA:36,5,1,2
BRDA:37,6,0,13
BRDA:37,6,1,0
BRDA:58,7,0,1
BRDA:58,7,1,4
BRDA:61,8,0,1
BRDA:61,8,1,3
BRDA:63,9,0,1
BRDA:63,9,1,0
BRF:20
BRH:18
end_of_record
TN:
SF:src/lib/utils.ts
FN:4,cn
FNF:1
FNH:1
FNDA:1457,cn
DA:5,1457
LF:1
LH:1
BRF:0
BRH:0
end_of_record
